{"/Users/apple/Documents/GitHub/hasegawa/chrome-extension/playwright.config.ts": {"path":"/Users/apple/Documents/GitHub/hasegawa/chrome-extension/playwright.config.ts","all":true,"statementMap":{"0":{"start":{"line":1,"column":0},"end":{"line":1,"column":57}},"1":{"start":{"line":2,"column":0},"end":{"line":2,"column":0}},"2":{"start":{"line":3,"column":0},"end":{"line":3,"column":29}},"3":{"start":{"line":4,"column":0},"end":{"line":4,"column":19}},"4":{"start":{"line":5,"column":0},"end":{"line":5,"column":22}},"5":{"start":{"line":6,"column":0},"end":{"line":6,"column":13}},"6":{"start":{"line":7,"column":0},"end":{"line":7,"column":87}},"7":{"start":{"line":8,"column":0},"end":{"line":8,"column":8}},"8":{"start":{"line":9,"column":0},"end":{"line":9,"column":37}},"9":{"start":{"line":10,"column":0},"end":{"line":10,"column":19}},"10":{"start":{"line":11,"column":0},"end":{"line":11,"column":28}},"11":{"start":{"line":12,"column":0},"end":{"line":12,"column":4}},"12":{"start":{"line":13,"column":0},"end":{"line":13,"column":14}},"13":{"start":{"line":14,"column":0},"end":{"line":14,"column":48}},"14":{"start":{"line":15,"column":0},"end":{"line":15,"column":44}},"15":{"start":{"line":16,"column":0},"end":{"line":16,"column":21}},"16":{"start":{"line":17,"column":0},"end":{"line":17,"column":30}},"17":{"start":{"line":18,"column":0},"end":{"line":18,"column":4}},"18":{"start":{"line":19,"column":0},"end":{"line":19,"column":13}},"19":{"start":{"line":20,"column":0},"end":{"line":20,"column":5}},"20":{"start":{"line":21,"column":0},"end":{"line":21,"column":23}},"21":{"start":{"line":22,"column":0},"end":{"line":22,"column":44}},"22":{"start":{"line":23,"column":0},"end":{"line":23,"column":6}},"23":{"start":{"line":24,"column":0},"end":{"line":24,"column":4}},"24":{"start":{"line":25,"column":0},"end":{"line":25,"column":3}}},"s":{"0":0,"1":0,"2":0,"3":0,"4":0,"5":0,"6":0,"7":0,"8":0,"9":0,"10":0,"11":0,"12":0,"13":0,"14":0,"15":0,"16":0,"17":0,"18":0,"19":0,"20":0,"21":0,"22":0,"23":0,"24":0},"branchMap":{"0":{"type":"branch","line":1,"loc":{"start":{"line":1,"column":0},"end":{"line":25,"column":-89}},"locations":[{"start":{"line":1,"column":0},"end":{"line":25,"column":-89}}]}},"b":{"0":[0]},"fnMap":{"0":{"name":"(empty-report)","decl":{"start":{"line":1,"column":0},"end":{"line":25,"column":-89}},"loc":{"start":{"line":1,"column":0},"end":{"line":25,"column":-89}},"line":1}},"f":{"0":0}}
,"/Users/apple/Documents/GitHub/hasegawa/chrome-extension/src/sendBatch.ts": {"path":"/Users/apple/Documents/GitHub/hasegawa/chrome-extension/src/sendBatch.ts","all":false,"statementMap":{"0":{"start":{"line":1,"column":0},"end":{"line":1,"column":67}},"1":{"start":{"line":2,"column":0},"end":{"line":2,"column":0}},"2":{"start":{"line":3,"column":0},"end":{"line":3,"column":26}},"3":{"start":{"line":4,"column":0},"end":{"line":4,"column":18}},"4":{"start":{"line":5,"column":0},"end":{"line":5,"column":17}},"5":{"start":{"line":6,"column":0},"end":{"line":6,"column":20}},"6":{"start":{"line":7,"column":0},"end":{"line":7,"column":19}},"7":{"start":{"line":8,"column":0},"end":{"line":8,"column":25}},"8":{"start":{"line":9,"column":0},"end":{"line":9,"column":29}},"9":{"start":{"line":10,"column":0},"end":{"line":10,"column":32}},"10":{"start":{"line":11,"column":0},"end":{"line":11,"column":39}},"11":{"start":{"line":12,"column":0},"end":{"line":12,"column":5}},"12":{"start":{"line":13,"column":0},"end":{"line":13,"column":38}},"13":{"start":{"line":14,"column":0},"end":{"line":14,"column":37}},"14":{"start":{"line":15,"column":0},"end":{"line":15,"column":5}},"15":{"start":{"line":16,"column":0},"end":{"line":16,"column":0}},"16":{"start":{"line":17,"column":0},"end":{"line":17,"column":30}},"17":{"start":{"line":18,"column":0},"end":{"line":18,"column":0}},"18":{"start":{"line":19,"column":0},"end":{"line":19,"column":60}},"19":{"start":{"line":20,"column":0},"end":{"line":20,"column":48}},"20":{"start":{"line":21,"column":0},"end":{"line":21,"column":55}},"21":{"start":{"line":22,"column":0},"end":{"line":22,"column":58}},"22":{"start":{"line":23,"column":0},"end":{"line":23,"column":57}},"23":{"start":{"line":24,"column":0},"end":{"line":24,"column":0}},"24":{"start":{"line":25,"column":0},"end":{"line":25,"column":14}},"25":{"start":{"line":26,"column":0},"end":{"line":26,"column":59}},"26":{"start":{"line":27,"column":0},"end":{"line":27,"column":62}},"27":{"start":{"line":28,"column":0},"end":{"line":28,"column":25}},"28":{"start":{"line":29,"column":0},"end":{"line":29,"column":31}},"29":{"start":{"line":30,"column":0},"end":{"line":30,"column":74}},"30":{"start":{"line":31,"column":0},"end":{"line":31,"column":40}},"31":{"start":{"line":32,"column":0},"end":{"line":32,"column":33}},"32":{"start":{"line":33,"column":0},"end":{"line":33,"column":8}},"33":{"start":{"line":34,"column":0},"end":{"line":34,"column":7}},"34":{"start":{"line":35,"column":0},"end":{"line":35,"column":0}},"35":{"start":{"line":36,"column":0},"end":{"line":36,"column":35}},"36":{"start":{"line":37,"column":0},"end":{"line":37,"column":24}},"37":{"start":{"line":38,"column":0},"end":{"line":38,"column":28}},"38":{"start":{"line":39,"column":0},"end":{"line":39,"column":15}},"39":{"start":{"line":40,"column":0},"end":{"line":40,"column":36}},"40":{"start":{"line":41,"column":0},"end":{"line":41,"column":14}},"41":{"start":{"line":42,"column":0},"end":{"line":42,"column":6}},"42":{"start":{"line":43,"column":0},"end":{"line":43,"column":0}},"43":{"start":{"line":44,"column":0},"end":{"line":44,"column":45}},"44":{"start":{"line":45,"column":0},"end":{"line":45,"column":63}},"45":{"start":{"line":46,"column":0},"end":{"line":46,"column":0}},"46":{"start":{"line":47,"column":0},"end":{"line":47,"column":9}},"47":{"start":{"line":48,"column":0},"end":{"line":48,"column":39}},"48":{"start":{"line":49,"column":0},"end":{"line":49,"column":23}},"49":{"start":{"line":50,"column":0},"end":{"line":50,"column":27}},"50":{"start":{"line":51,"column":0},"end":{"line":51,"column":56}},"51":{"start":{"line":52,"column":0},"end":{"line":52,"column":38}},"52":{"start":{"line":53,"column":0},"end":{"line":53,"column":34}},"53":{"start":{"line":54,"column":0},"end":{"line":54,"column":9}},"54":{"start":{"line":55,"column":0},"end":{"line":55,"column":0}},"55":{"start":{"line":56,"column":0},"end":{"line":56,"column":36}},"56":{"start":{"line":57,"column":0},"end":{"line":57,"column":28}},"57":{"start":{"line":58,"column":0},"end":{"line":58,"column":11}},"58":{"start":{"line":59,"column":0},"end":{"line":59,"column":47}},"59":{"start":{"line":60,"column":0},"end":{"line":60,"column":15}},"60":{"start":{"line":61,"column":0},"end":{"line":61,"column":68}},"61":{"start":{"line":62,"column":0},"end":{"line":62,"column":7}},"62":{"start":{"line":63,"column":0},"end":{"line":63,"column":0}},"63":{"start":{"line":64,"column":0},"end":{"line":64,"column":18}},"64":{"start":{"line":65,"column":0},"end":{"line":65,"column":26}},"65":{"start":{"line":66,"column":0},"end":{"line":66,"column":41}},"66":{"start":{"line":67,"column":0},"end":{"line":67,"column":51}},"67":{"start":{"line":68,"column":0},"end":{"line":68,"column":48}},"68":{"start":{"line":69,"column":0},"end":{"line":69,"column":25}},"69":{"start":{"line":70,"column":0},"end":{"line":70,"column":7}},"70":{"start":{"line":71,"column":0},"end":{"line":71,"column":18}},"71":{"start":{"line":72,"column":0},"end":{"line":72,"column":15}},"72":{"start":{"line":73,"column":0},"end":{"line":73,"column":26}},"73":{"start":{"line":74,"column":0},"end":{"line":74,"column":5}},"74":{"start":{"line":75,"column":0},"end":{"line":75,"column":7}},"75":{"start":{"line":76,"column":0},"end":{"line":76,"column":0}},"76":{"start":{"line":77,"column":0},"end":{"line":77,"column":55}},"77":{"start":{"line":78,"column":0},"end":{"line":78,"column":23}},"78":{"start":{"line":79,"column":0},"end":{"line":79,"column":14}},"79":{"start":{"line":80,"column":0},"end":{"line":80,"column":1}}},"s":{"0":1,"1":1,"2":1,"3":11,"4":11,"5":11,"6":11,"7":11,"8":11,"9":11,"10":1,"11":1,"12":11,"13":1,"14":1,"15":9,"16":9,"17":9,"18":9,"19":13,"20":13,"21":13,"22":13,"23":13,"24":13,"25":13,"26":13,"27":13,"28":13,"29":13,"30":13,"31":13,"32":13,"33":9,"34":9,"35":9,"36":9,"37":9,"38":9,"39":9,"40":9,"41":9,"42":9,"43":9,"44":9,"45":9,"46":9,"47":9,"48":9,"49":9,"50":9,"51":9,"52":9,"53":9,"54":8,"55":8,"56":8,"57":8,"58":8,"59":11,"60":1,"61":1,"62":7,"63":7,"64":11,"65":2,"66":1,"67":1,"68":1,"69":1,"70":1,"71":11,"72":9,"73":9,"74":11,"75":11,"76":11,"77":11,"78":11,"79":11},"branchMap":{"0":{"type":"branch","line":3,"loc":{"start":{"line":3,"column":7},"end":{"line":80,"column":1}},"locations":[{"start":{"line":3,"column":7},"end":{"line":80,"column":1}}]},"1":{"type":"branch","line":9,"loc":{"start":{"line":9,"column":16},"end":{"line":75,"column":5}},"locations":[{"start":{"line":9,"column":16},"end":{"line":75,"column":5}}]},"2":{"type":"branch","line":10,"loc":{"start":{"line":10,"column":31},"end":{"line":12,"column":5}},"locations":[{"start":{"line":10,"column":31},"end":{"line":12,"column":5}}]},"3":{"type":"branch","line":12,"loc":{"start":{"line":12,"column":4},"end":{"line":13,"column":37}},"locations":[{"start":{"line":12,"column":4},"end":{"line":13,"column":37}}]},"4":{"type":"branch","line":13,"loc":{"start":{"line":13,"column":37},"end":{"line":15,"column":5}},"locations":[{"start":{"line":13,"column":37},"end":{"line":15,"column":5}}]},"5":{"type":"branch","line":15,"loc":{"start":{"line":15,"column":4},"end":{"line":54,"column":9}},"locations":[{"start":{"line":15,"column":4},"end":{"line":54,"column":9}}]},"6":{"type":"branch","line":54,"loc":{"start":{"line":54,"column":7},"end":{"line":60,"column":14}},"locations":[{"start":{"line":54,"column":7},"end":{"line":60,"column":14}}]},"7":{"type":"branch","line":60,"loc":{"start":{"line":60,"column":6},"end":{"line":62,"column":7}},"locations":[{"start":{"line":60,"column":6},"end":{"line":62,"column":7}}]},"8":{"type":"branch","line":62,"loc":{"start":{"line":62,"column":6},"end":{"line":65,"column":13}},"locations":[{"start":{"line":62,"column":6},"end":{"line":65,"column":13}}]},"9":{"type":"branch","line":65,"loc":{"start":{"line":65,"column":4},"end":{"line":72,"column":6}},"locations":[{"start":{"line":65,"column":4},"end":{"line":72,"column":6}}]},"10":{"type":"branch","line":66,"loc":{"start":{"line":66,"column":40},"end":{"line":72,"column":6}},"locations":[{"start":{"line":66,"column":40},"end":{"line":72,"column":6}}]},"11":{"type":"branch","line":72,"loc":{"start":{"line":72,"column":4},"end":{"line":72,"column":6}},"locations":[{"start":{"line":72,"column":4},"end":{"line":72,"column":6}}]},"12":{"type":"branch","line":72,"loc":{"start":{"line":72,"column":4},"end":{"line":74,"column":5}},"locations":[{"start":{"line":72,"column":4},"end":{"line":74,"column":5}}]},"13":{"type":"branch","line":19,"loc":{"start":{"line":19,"column":39},"end":{"line":34,"column":5}},"locations":[{"start":{"line":19,"column":39},"end":{"line":34,"column":5}}]},"14":{"type":"branch","line":45,"loc":{"start":{"line":45,"column":29},"end":{"line":45,"column":55}},"locations":[{"start":{"line":45,"column":29},"end":{"line":45,"column":55}}]},"15":{"type":"branch","line":78,"loc":{"start":{"line":78,"column":13},"end":{"line":78,"column":21}},"locations":[{"start":{"line":78,"column":13},"end":{"line":78,"column":21}}]}},"b":{"0":[11],"1":[11],"2":[1],"3":[10],"4":[1],"5":[9],"6":[8],"7":[1],"8":[7],"9":[2],"10":[1],"11":[0],"12":[9],"13":[13],"14":[1],"15":[4]},"fnMap":{"0":{"name":"sendBatch","decl":{"start":{"line":3,"column":7},"end":{"line":80,"column":1}},"loc":{"start":{"line":3,"column":7},"end":{"line":80,"column":1}},"line":3}},"f":{"0":11}}
,"/Users/apple/Documents/GitHub/hasegawa/chrome-extension/src/content/extractPatients.ts": {"path":"/Users/apple/Documents/GitHub/hasegawa/chrome-extension/src/content/extractPatients.ts","all":false,"statementMap":{"0":{"start":{"line":1,"column":0},"end":{"line":1,"column":58}},"1":{"start":{"line":2,"column":0},"end":{"line":2,"column":0}},"2":{"start":{"line":3,"column":0},"end":{"line":3,"column":48}},"3":{"start":{"line":4,"column":0},"end":{"line":4,"column":41}},"4":{"start":{"line":5,"column":0},"end":{"line":5,"column":42}},"5":{"start":{"line":6,"column":0},"end":{"line":6,"column":42}},"6":{"start":{"line":7,"column":0},"end":{"line":7,"column":15}},"7":{"start":{"line":8,"column":0},"end":{"line":8,"column":1}},"8":{"start":{"line":9,"column":0},"end":{"line":9,"column":0}},"9":{"start":{"line":10,"column":0},"end":{"line":10,"column":51}},"10":{"start":{"line":11,"column":0},"end":{"line":11,"column":84}},"11":{"start":{"line":12,"column":0},"end":{"line":12,"column":1}},"12":{"start":{"line":13,"column":0},"end":{"line":13,"column":0}},"13":{"start":{"line":14,"column":0},"end":{"line":14,"column":63}},"14":{"start":{"line":15,"column":0},"end":{"line":15,"column":22}},"15":{"start":{"line":16,"column":0},"end":{"line":16,"column":7}},"16":{"start":{"line":17,"column":0},"end":{"line":17,"column":37}},"17":{"start":{"line":18,"column":0},"end":{"line":18,"column":11}},"18":{"start":{"line":19,"column":0},"end":{"line":19,"column":16}},"19":{"start":{"line":20,"column":0},"end":{"line":20,"column":3}},"20":{"start":{"line":21,"column":0},"end":{"line":21,"column":0}},"21":{"start":{"line":22,"column":0},"end":{"line":22,"column":31}},"22":{"start":{"line":23,"column":0},"end":{"line":23,"column":16}},"23":{"start":{"line":24,"column":0},"end":{"line":24,"column":3}},"24":{"start":{"line":25,"column":0},"end":{"line":25,"column":0}},"25":{"start":{"line":26,"column":0},"end":{"line":26,"column":28}},"26":{"start":{"line":27,"column":0},"end":{"line":27,"column":50}},"27":{"start":{"line":28,"column":0},"end":{"line":28,"column":3}},"28":{"start":{"line":29,"column":0},"end":{"line":29,"column":0}},"29":{"start":{"line":30,"column":0},"end":{"line":30,"column":36}},"30":{"start":{"line":31,"column":0},"end":{"line":31,"column":30}},"31":{"start":{"line":32,"column":0},"end":{"line":32,"column":35}},"32":{"start":{"line":33,"column":0},"end":{"line":33,"column":28}},"33":{"start":{"line":34,"column":0},"end":{"line":34,"column":57}},"34":{"start":{"line":35,"column":0},"end":{"line":35,"column":5}},"35":{"start":{"line":36,"column":0},"end":{"line":36,"column":0}},"36":{"start":{"line":37,"column":0},"end":{"line":37,"column":19}},"37":{"start":{"line":38,"column":0},"end":{"line":38,"column":10}},"38":{"start":{"line":39,"column":0},"end":{"line":39,"column":53}},"39":{"start":{"line":40,"column":0},"end":{"line":40,"column":7}},"40":{"start":{"line":41,"column":0},"end":{"line":41,"column":3}},"41":{"start":{"line":42,"column":0},"end":{"line":42,"column":0}},"42":{"start":{"line":43,"column":0},"end":{"line":43,"column":37}},"43":{"start":{"line":44,"column":0},"end":{"line":44,"column":1}},"44":{"start":{"line":45,"column":0},"end":{"line":45,"column":0}},"45":{"start":{"line":46,"column":0},"end":{"line":46,"column":57}},"46":{"start":{"line":47,"column":0},"end":{"line":47,"column":41}},"47":{"start":{"line":48,"column":0},"end":{"line":48,"column":44}},"48":{"start":{"line":49,"column":0},"end":{"line":49,"column":54}},"49":{"start":{"line":50,"column":0},"end":{"line":50,"column":53}},"50":{"start":{"line":51,"column":0},"end":{"line":51,"column":4}},"51":{"start":{"line":52,"column":0},"end":{"line":52,"column":0}},"52":{"start":{"line":53,"column":0},"end":{"line":53,"column":31}},"53":{"start":{"line":54,"column":0},"end":{"line":54,"column":52}},"54":{"start":{"line":55,"column":0},"end":{"line":55,"column":46}},"55":{"start":{"line":56,"column":0},"end":{"line":56,"column":44}},"56":{"start":{"line":57,"column":0},"end":{"line":57,"column":19}},"57":{"start":{"line":58,"column":0},"end":{"line":58,"column":22}},"58":{"start":{"line":59,"column":0},"end":{"line":59,"column":7}},"59":{"start":{"line":60,"column":0},"end":{"line":60,"column":5}},"60":{"start":{"line":61,"column":0},"end":{"line":61,"column":3}},"61":{"start":{"line":62,"column":0},"end":{"line":62,"column":0}},"62":{"start":{"line":63,"column":0},"end":{"line":63,"column":51}},"63":{"start":{"line":64,"column":0},"end":{"line":64,"column":1}}},"s":{"0":1,"1":1,"2":10,"3":10,"4":10,"5":10,"6":1,"7":1,"8":1,"9":12,"10":12,"11":12,"12":1,"13":13,"14":13,"15":13,"16":13,"17":13,"18":0,"19":0,"20":13,"21":13,"22":0,"23":0,"24":13,"25":13,"26":1,"27":1,"28":12,"29":12,"30":12,"31":12,"32":12,"33":2,"34":2,"35":10,"36":10,"37":10,"38":12,"39":12,"40":12,"41":10,"42":10,"43":10,"44":1,"45":1,"46":14,"47":14,"48":14,"49":14,"50":14,"51":14,"52":14,"53":20,"54":13,"55":13,"56":13,"57":13,"58":13,"59":13,"60":7,"61":1,"62":1,"63":1},"branchMap":{"0":{"type":"branch","line":3,"loc":{"start":{"line":3,"column":0},"end":{"line":8,"column":1}},"locations":[{"start":{"line":3,"column":0},"end":{"line":8,"column":1}}]},"1":{"type":"branch","line":4,"loc":{"start":{"line":4,"column":23},"end":{"line":4,"column":32}},"locations":[{"start":{"line":4,"column":23},"end":{"line":4,"column":32}}]},"2":{"type":"branch","line":5,"loc":{"start":{"line":5,"column":30},"end":{"line":5,"column":42}},"locations":[{"start":{"line":5,"column":30},"end":{"line":5,"column":42}}]},"3":{"type":"branch","line":5,"loc":{"start":{"line":5,"column":37},"end":{"line":6,"column":37}},"locations":[{"start":{"line":5,"column":37},"end":{"line":6,"column":37}}]},"4":{"type":"branch","line":6,"loc":{"start":{"line":6,"column":30},"end":{"line":6,"column":42}},"locations":[{"start":{"line":6,"column":30},"end":{"line":6,"column":42}}]},"5":{"type":"branch","line":6,"loc":{"start":{"line":6,"column":37},"end":{"line":8,"column":1}},"locations":[{"start":{"line":6,"column":37},"end":{"line":8,"column":1}}]},"6":{"type":"branch","line":10,"loc":{"start":{"line":10,"column":0},"end":{"line":12,"column":1}},"locations":[{"start":{"line":10,"column":0},"end":{"line":12,"column":1}}]},"7":{"type":"branch","line":11,"loc":{"start":{"line":11,"column":56},"end":{"line":11,"column":73}},"locations":[{"start":{"line":11,"column":56},"end":{"line":11,"column":73}}]},"8":{"type":"branch","line":11,"loc":{"start":{"line":11,"column":68},"end":{"line":11,"column":84}},"locations":[{"start":{"line":11,"column":68},"end":{"line":11,"column":84}}]},"9":{"type":"branch","line":14,"loc":{"start":{"line":14,"column":0},"end":{"line":44,"column":1}},"locations":[{"start":{"line":14,"column":0},"end":{"line":44,"column":1}}]},"10":{"type":"branch","line":18,"loc":{"start":{"line":18,"column":2},"end":{"line":20,"column":3}},"locations":[{"start":{"line":18,"column":2},"end":{"line":20,"column":3}}]},"11":{"type":"branch","line":22,"loc":{"start":{"line":22,"column":30},"end":{"line":24,"column":3}},"locations":[{"start":{"line":22,"column":30},"end":{"line":24,"column":3}}]},"12":{"type":"branch","line":26,"loc":{"start":{"line":26,"column":27},"end":{"line":28,"column":3}},"locations":[{"start":{"line":26,"column":27},"end":{"line":28,"column":3}}]},"13":{"type":"branch","line":28,"loc":{"start":{"line":28,"column":2},"end":{"line":41,"column":3}},"locations":[{"start":{"line":28,"column":2},"end":{"line":41,"column":3}}]},"14":{"type":"branch","line":33,"loc":{"start":{"line":33,"column":27},"end":{"line":35,"column":5}},"locations":[{"start":{"line":33,"column":27},"end":{"line":35,"column":5}}]},"15":{"type":"branch","line":35,"loc":{"start":{"line":35,"column":4},"end":{"line":39,"column":51}},"locations":[{"start":{"line":35,"column":4},"end":{"line":39,"column":51}}]},"16":{"type":"branch","line":41,"loc":{"start":{"line":41,"column":2},"end":{"line":44,"column":1}},"locations":[{"start":{"line":41,"column":2},"end":{"line":44,"column":1}}]},"17":{"type":"branch","line":46,"loc":{"start":{"line":46,"column":7},"end":{"line":64,"column":1}},"locations":[{"start":{"line":46,"column":7},"end":{"line":64,"column":1}}]},"18":{"type":"branch","line":53,"loc":{"start":{"line":53,"column":30},"end":{"line":61,"column":3}},"locations":[{"start":{"line":53,"column":30},"end":{"line":61,"column":3}}]},"19":{"type":"branch","line":54,"loc":{"start":{"line":54,"column":51},"end":{"line":60,"column":5}},"locations":[{"start":{"line":54,"column":51},"end":{"line":60,"column":5}}]},"20":{"type":"branch","line":55,"loc":{"start":{"line":55,"column":28},"end":{"line":55,"column":46}},"locations":[{"start":{"line":55,"column":28},"end":{"line":55,"column":46}}]},"21":{"type":"branch","line":60,"loc":{"start":{"line":60,"column":4},"end":{"line":61,"column":3}},"locations":[{"start":{"line":60,"column":4},"end":{"line":61,"column":3}}]},"22":{"type":"branch","line":61,"loc":{"start":{"line":61,"column":2},"end":{"line":64,"column":1}},"locations":[{"start":{"line":61,"column":2},"end":{"line":64,"column":1}}]}},"b":{"0":[10],"1":[0],"2":[3],"3":[7],"4":[6],"5":[1],"6":[12],"7":[11],"8":[10],"9":[13],"10":[0],"11":[0],"12":[1],"13":[12],"14":[2],"15":[10],"16":[10],"17":[14],"18":[20],"19":[13],"20":[0],"21":[7],"22":[1]},"fnMap":{"0":{"name":"normalizeGender","decl":{"start":{"line":3,"column":0},"end":{"line":8,"column":1}},"loc":{"start":{"line":3,"column":0},"end":{"line":8,"column":1}},"line":3},"1":{"name":"validateAge","decl":{"start":{"line":10,"column":0},"end":{"line":12,"column":1}},"loc":{"start":{"line":10,"column":0},"end":{"line":12,"column":1}},"line":10},"2":{"name":"tryParsePatients","decl":{"start":{"line":14,"column":0},"end":{"line":44,"column":1}},"loc":{"start":{"line":14,"column":0},"end":{"line":44,"column":1}},"line":14},"3":{"name":"extractPatientsFromDOM","decl":{"start":{"line":46,"column":7},"end":{"line":64,"column":1}},"loc":{"start":{"line":46,"column":7},"end":{"line":64,"column":1}},"line":46}},"f":{"0":10,"1":12,"2":13,"3":14}}
,"/Users/apple/Documents/GitHub/hasegawa/chrome-extension/src/popup/App.tsx": {"path":"/Users/apple/Documents/GitHub/hasegawa/chrome-extension/src/popup/App.tsx","all":false,"statementMap":{"0":{"start":{"line":1,"column":0},"end":{"line":1,"column":41}},"1":{"start":{"line":2,"column":0},"end":{"line":2,"column":50}},"2":{"start":{"line":3,"column":0},"end":{"line":3,"column":52}},"3":{"start":{"line":4,"column":0},"end":{"line":4,"column":48}},"4":{"start":{"line":5,"column":0},"end":{"line":5,"column":56}},"5":{"start":{"line":6,"column":0},"end":{"line":6,"column":50}},"6":{"start":{"line":7,"column":0},"end":{"line":7,"column":50}},"7":{"start":{"line":8,"column":0},"end":{"line":8,"column":58}},"8":{"start":{"line":9,"column":0},"end":{"line":9,"column":52}},"9":{"start":{"line":10,"column":0},"end":{"line":10,"column":0}},"10":{"start":{"line":11,"column":0},"end":{"line":11,"column":23}},"11":{"start":{"line":12,"column":0},"end":{"line":12,"column":93}},"12":{"start":{"line":13,"column":0},"end":{"line":13,"column":18}},"13":{"start":{"line":14,"column":0},"end":{"line":14,"column":31}},"14":{"start":{"line":15,"column":0},"end":{"line":15,"column":67}},"15":{"start":{"line":16,"column":0},"end":{"line":16,"column":0}},"16":{"start":{"line":17,"column":0},"end":{"line":17,"column":19}},"17":{"start":{"line":18,"column":0},"end":{"line":18,"column":34}},"18":{"start":{"line":19,"column":0},"end":{"line":19,"column":41}},"19":{"start":{"line":20,"column":0},"end":{"line":20,"column":56}},"20":{"start":{"line":21,"column":0},"end":{"line":21,"column":73}},"21":{"start":{"line":22,"column":0},"end":{"line":22,"column":0}},"22":{"start":{"line":23,"column":0},"end":{"line":23,"column":37}},"23":{"start":{"line":24,"column":0},"end":{"line":24,"column":0}},"24":{"start":{"line":25,"column":0},"end":{"line":25,"column":25}},"25":{"start":{"line":26,"column":0},"end":{"line":26,"column":17}},"26":{"start":{"line":27,"column":0},"end":{"line":27,"column":71}},"27":{"start":{"line":28,"column":0},"end":{"line":28,"column":16}},"28":{"start":{"line":29,"column":0},"end":{"line":29,"column":14}},"29":{"start":{"line":30,"column":0},"end":{"line":30,"column":19}},"30":{"start":{"line":31,"column":0},"end":{"line":31,"column":23}},"31":{"start":{"line":32,"column":0},"end":{"line":32,"column":29}},"32":{"start":{"line":33,"column":0},"end":{"line":33,"column":27}},"33":{"start":{"line":34,"column":0},"end":{"line":34,"column":37}},"34":{"start":{"line":35,"column":0},"end":{"line":35,"column":37}},"35":{"start":{"line":36,"column":0},"end":{"line":36,"column":35}},"36":{"start":{"line":37,"column":0},"end":{"line":37,"column":31}},"37":{"start":{"line":38,"column":0},"end":{"line":38,"column":31}},"38":{"start":{"line":39,"column":0},"end":{"line":39,"column":10}},"39":{"start":{"line":40,"column":0},"end":{"line":40,"column":8}},"40":{"start":{"line":41,"column":0},"end":{"line":41,"column":19}},"41":{"start":{"line":42,"column":0},"end":{"line":42,"column":14}},"42":{"start":{"line":43,"column":0},"end":{"line":43,"column":22}},"43":{"start":{"line":44,"column":0},"end":{"line":44,"column":23}},"44":{"start":{"line":45,"column":0},"end":{"line":45,"column":29}},"45":{"start":{"line":46,"column":0},"end":{"line":46,"column":27}},"46":{"start":{"line":47,"column":0},"end":{"line":47,"column":31}},"47":{"start":{"line":48,"column":0},"end":{"line":48,"column":10}},"48":{"start":{"line":49,"column":0},"end":{"line":49,"column":8}},"49":{"start":{"line":50,"column":0},"end":{"line":50,"column":16}},"50":{"start":{"line":51,"column":0},"end":{"line":51,"column":80}},"51":{"start":{"line":52,"column":0},"end":{"line":52,"column":20}},"52":{"start":{"line":53,"column":0},"end":{"line":53,"column":74}},"53":{"start":{"line":54,"column":0},"end":{"line":54,"column":12}},"54":{"start":{"line":55,"column":0},"end":{"line":55,"column":18}},"55":{"start":{"line":56,"column":0},"end":{"line":56,"column":3}},"56":{"start":{"line":57,"column":0},"end":{"line":57,"column":1}}},"s":{"0":1,"1":1,"2":1,"3":1,"4":1,"5":1,"6":1,"7":1,"8":1,"9":1,"10":1,"11":9,"12":9,"13":9,"14":9,"15":9,"16":9,"17":8,"18":6,"19":8,"20":9,"21":9,"22":9,"23":7,"24":7,"25":9,"26":3,"27":9,"28":1,"29":1,"30":1,"31":1,"32":1,"33":1,"34":1,"35":1,"36":1,"37":1,"38":1,"39":9,"40":9,"41":1,"42":1,"43":1,"44":1,"45":1,"46":1,"47":1,"48":9,"49":9,"50":1,"51":9,"52":1,"53":9,"54":0,"55":9,"56":9},"branchMap":{"0":{"type":"branch","line":11,"loc":{"start":{"line":11,"column":7},"end":{"line":57,"column":1}},"locations":[{"start":{"line":11,"column":7},"end":{"line":57,"column":1}}]},"1":{"type":"branch","line":23,"loc":{"start":{"line":23,"column":25},"end":{"line":23,"column":37}},"locations":[{"start":{"line":23,"column":25},"end":{"line":23,"column":37}}]},"2":{"type":"branch","line":23,"loc":{"start":{"line":23,"column":32},"end":{"line":25,"column":25}},"locations":[{"start":{"line":23,"column":32},"end":{"line":25,"column":25}}]},"3":{"type":"branch","line":26,"loc":{"start":{"line":26,"column":4},"end":{"line":27,"column":71}},"locations":[{"start":{"line":26,"column":4},"end":{"line":27,"column":71}}]},"4":{"type":"branch","line":28,"loc":{"start":{"line":28,"column":4},"end":{"line":39,"column":10}},"locations":[{"start":{"line":28,"column":4},"end":{"line":39,"column":10}}]},"5":{"type":"branch","line":41,"loc":{"start":{"line":41,"column":4},"end":{"line":48,"column":10}},"locations":[{"start":{"line":41,"column":4},"end":{"line":48,"column":10}}]},"6":{"type":"branch","line":50,"loc":{"start":{"line":50,"column":4},"end":{"line":51,"column":80}},"locations":[{"start":{"line":50,"column":4},"end":{"line":51,"column":80}}]},"7":{"type":"branch","line":52,"loc":{"start":{"line":52,"column":4},"end":{"line":53,"column":74}},"locations":[{"start":{"line":52,"column":4},"end":{"line":53,"column":74}}]},"8":{"type":"branch","line":54,"loc":{"start":{"line":54,"column":4},"end":{"line":55,"column":18}},"locations":[{"start":{"line":54,"column":4},"end":{"line":55,"column":18}}]},"9":{"type":"branch","line":17,"loc":{"start":{"line":17,"column":12},"end":{"line":21,"column":5}},"locations":[{"start":{"line":17,"column":12},"end":{"line":21,"column":5}}]},"10":{"type":"branch","line":18,"loc":{"start":{"line":18,"column":27},"end":{"line":18,"column":34}},"locations":[{"start":{"line":18,"column":27},"end":{"line":18,"column":34}}]},"11":{"type":"branch","line":18,"loc":{"start":{"line":18,"column":27},"end":{"line":19,"column":41}},"locations":[{"start":{"line":18,"column":27},"end":{"line":19,"column":41}}]},"12":{"type":"branch","line":19,"loc":{"start":{"line":19,"column":34},"end":{"line":19,"column":41}},"locations":[{"start":{"line":19,"column":34},"end":{"line":19,"column":41}}]},"13":{"type":"branch","line":19,"loc":{"start":{"line":19,"column":34},"end":{"line":20,"column":47}},"locations":[{"start":{"line":19,"column":34},"end":{"line":20,"column":47}}]},"14":{"type":"branch","line":19,"loc":{"start":{"line":19,"column":34},"end":{"line":20,"column":38}},"locations":[{"start":{"line":19,"column":34},"end":{"line":20,"column":38}}]},"15":{"type":"branch","line":20,"loc":{"start":{"line":20,"column":23},"end":{"line":20,"column":47}},"locations":[{"start":{"line":20,"column":23},"end":{"line":20,"column":47}}]},"16":{"type":"branch","line":20,"loc":{"start":{"line":20,"column":38},"end":{"line":20,"column":54}},"locations":[{"start":{"line":20,"column":38},"end":{"line":20,"column":54}}]}},"b":{"0":[9],"1":[2],"2":[7],"3":[3],"4":[1],"5":[1],"6":[1],"7":[1],"8":[0],"9":[8],"10":[2],"11":[6],"12":[4],"13":[5],"14":[2],"15":[1],"16":[1]},"fnMap":{"0":{"name":"App","decl":{"start":{"line":11,"column":7},"end":{"line":57,"column":1}},"loc":{"start":{"line":11,"column":7},"end":{"line":57,"column":1}},"line":11}},"f":{"0":9}}
,"/Users/apple/Documents/GitHub/hasegawa/chrome-extension/src/popup/main.tsx": {"path":"/Users/apple/Documents/GitHub/hasegawa/chrome-extension/src/popup/main.tsx","all":false,"statementMap":{"0":{"start":{"line":1,"column":0},"end":{"line":1,"column":26}},"1":{"start":{"line":2,"column":0},"end":{"line":2,"column":40}},"2":{"start":{"line":3,"column":0},"end":{"line":3,"column":28}},"3":{"start":{"line":4,"column":0},"end":{"line":4,"column":26}},"4":{"start":{"line":5,"column":0},"end":{"line":5,"column":0}},"5":{"start":{"line":6,"column":0},"end":{"line":6,"column":45}},"6":{"start":{"line":7,"column":0},"end":{"line":7,"column":11}},"7":{"start":{"line":8,"column":0},"end":{"line":8,"column":35}},"8":{"start":{"line":9,"column":0},"end":{"line":9,"column":22}},"9":{"start":{"line":10,"column":0},"end":{"line":10,"column":13}},"10":{"start":{"line":11,"column":0},"end":{"line":11,"column":24}},"11":{"start":{"line":12,"column":0},"end":{"line":12,"column":4}},"12":{"start":{"line":13,"column":0},"end":{"line":13,"column":1}}},"s":{"0":1,"1":1,"2":1,"3":1,"4":1,"5":1,"6":1,"7":1,"8":1,"9":1,"10":1,"11":1,"12":1},"branchMap":{"0":{"type":"branch","line":7,"loc":{"start":{"line":7,"column":10},"end":{"line":13,"column":1}},"locations":[{"start":{"line":7,"column":10},"end":{"line":13,"column":1}}]}},"b":{"0":[1]},"fnMap":{},"f":{}}
,"/Users/apple/Documents/GitHub/hasegawa/chrome-extension/src/popup/components/DiagDropdown.tsx": {"path":"/Users/apple/Documents/GitHub/hasegawa/chrome-extension/src/popup/components/DiagDropdown.tsx","all":false,"statementMap":{"0":{"start":{"line":1,"column":0},"end":{"line":1,"column":49}},"1":{"start":{"line":2,"column":0},"end":{"line":2,"column":0}},"2":{"start":{"line":3,"column":0},"end":{"line":3,"column":26}},"3":{"start":{"line":4,"column":0},"end":{"line":4,"column":16}},"4":{"start":{"line":5,"column":0},"end":{"line":5,"column":17}},"5":{"start":{"line":6,"column":0},"end":{"line":6,"column":17}},"6":{"start":{"line":7,"column":0},"end":{"line":7,"column":36}},"7":{"start":{"line":8,"column":0},"end":{"line":8,"column":2}},"8":{"start":{"line":9,"column":0},"end":{"line":9,"column":0}},"9":{"start":{"line":10,"column":0},"end":{"line":10,"column":82}},"10":{"start":{"line":11,"column":0},"end":{"line":11,"column":45}},"11":{"start":{"line":12,"column":0},"end":{"line":12,"column":0}},"12":{"start":{"line":13,"column":0},"end":{"line":13,"column":33}},"13":{"start":{"line":14,"column":0},"end":{"line":14,"column":38}},"14":{"start":{"line":15,"column":0},"end":{"line":15,"column":39}},"15":{"start":{"line":16,"column":0},"end":{"line":16,"column":66}},"16":{"start":{"line":17,"column":0},"end":{"line":17,"column":28}},"17":{"start":{"line":18,"column":0},"end":{"line":18,"column":0}},"18":{"start":{"line":19,"column":0},"end":{"line":19,"column":10}},"19":{"start":{"line":20,"column":0},"end":{"line":20,"column":9}},"20":{"start":{"line":21,"column":0},"end":{"line":21,"column":12}},"21":{"start":{"line":22,"column":0},"end":{"line":22,"column":32}},"22":{"start":{"line":23,"column":0},"end":{"line":23,"column":23}},"23":{"start":{"line":24,"column":0},"end":{"line":24,"column":52}},"24":{"start":{"line":25,"column":0},"end":{"line":25,"column":8}},"25":{"start":{"line":26,"column":0},"end":{"line":26,"column":38}},"26":{"start":{"line":27,"column":0},"end":{"line":27,"column":11}},"27":{"start":{"line":28,"column":0},"end":{"line":28,"column":32}},"28":{"start":{"line":29,"column":0},"end":{"line":29,"column":74}},"29":{"start":{"line":30,"column":0},"end":{"line":30,"column":18}},"30":{"start":{"line":31,"column":0},"end":{"line":31,"column":19}},"31":{"start":{"line":32,"column":0},"end":{"line":32,"column":11}},"32":{"start":{"line":33,"column":0},"end":{"line":33,"column":12}},"33":{"start":{"line":34,"column":0},"end":{"line":34,"column":10}},"34":{"start":{"line":35,"column":0},"end":{"line":35,"column":4}},"35":{"start":{"line":36,"column":0},"end":{"line":36,"column":1}}},"s":{"0":1,"1":1,"2":1,"3":1,"4":1,"5":1,"6":1,"7":1,"8":1,"9":1,"10":12,"11":12,"12":12,"13":12,"14":12,"15":1,"16":12,"17":12,"18":12,"19":12,"20":12,"21":12,"22":12,"23":12,"24":12,"25":12,"26":12,"27":12,"28":15,"29":15,"30":15,"31":12,"32":12,"33":12,"34":12,"35":12},"branchMap":{"0":{"type":"branch","line":10,"loc":{"start":{"line":10,"column":7},"end":{"line":36,"column":1}},"locations":[{"start":{"line":10,"column":7},"end":{"line":36,"column":1}}]},"1":{"type":"branch","line":26,"loc":{"start":{"line":26,"column":17},"end":{"line":26,"column":32}},"locations":[{"start":{"line":26,"column":17},"end":{"line":26,"column":32}}]},"2":{"type":"branch","line":13,"loc":{"start":{"line":13,"column":26},"end":{"line":17,"column":5}},"locations":[{"start":{"line":13,"column":26},"end":{"line":17,"column":5}}]},"3":{"type":"branch","line":15,"loc":{"start":{"line":15,"column":25},"end":{"line":15,"column":39}},"locations":[{"start":{"line":15,"column":25},"end":{"line":15,"column":39}}]},"4":{"type":"branch","line":15,"loc":{"start":{"line":15,"column":32},"end":{"line":16,"column":66}},"locations":[{"start":{"line":15,"column":32},"end":{"line":16,"column":66}}]},"5":{"type":"branch","line":16,"loc":{"start":{"line":16,"column":25},"end":{"line":16,"column":64}},"locations":[{"start":{"line":16,"column":25},"end":{"line":16,"column":64}}]},"6":{"type":"branch","line":24,"loc":{"start":{"line":24,"column":18},"end":{"line":24,"column":52}},"locations":[{"start":{"line":24,"column":18},"end":{"line":24,"column":52}}]},"7":{"type":"branch","line":28,"loc":{"start":{"line":28,"column":21},"end":{"line":31,"column":19}},"locations":[{"start":{"line":28,"column":21},"end":{"line":31,"column":19}}]},"8":{"type":"branch","line":29,"loc":{"start":{"line":29,"column":52},"end":{"line":29,"column":74}},"locations":[{"start":{"line":29,"column":52},"end":{"line":29,"column":74}}]}},"b":{"0":[12],"1":[4],"2":[12],"3":[11],"4":[1],"5":[2],"6":[1],"7":[15],"8":[3]},"fnMap":{"0":{"name":"DiagDropdown","decl":{"start":{"line":10,"column":7},"end":{"line":36,"column":1}},"loc":{"start":{"line":10,"column":7},"end":{"line":36,"column":1}},"line":10},"1":{"name":"onChange","decl":{"start":{"line":24,"column":18},"end":{"line":24,"column":52}},"loc":{"start":{"line":24,"column":18},"end":{"line":24,"column":52}},"line":24},"2":{"name":"onClick","decl":{"start":{"line":29,"column":52},"end":{"line":29,"column":74}},"loc":{"start":{"line":29,"column":52},"end":{"line":29,"column":74}},"line":29}},"f":{"0":12,"1":1,"2":3}}
,"/Users/apple/Documents/GitHub/hasegawa/chrome-extension/src/popup/components/Header.tsx": {"path":"/Users/apple/Documents/GitHub/hasegawa/chrome-extension/src/popup/components/Header.tsx","all":false,"statementMap":{"0":{"start":{"line":1,"column":0},"end":{"line":1,"column":26}},"1":{"start":{"line":2,"column":0},"end":{"line":2,"column":0}},"2":{"start":{"line":3,"column":0},"end":{"line":3,"column":20}},"3":{"start":{"line":4,"column":0},"end":{"line":4,"column":17}},"4":{"start":{"line":5,"column":0},"end":{"line":5,"column":20}},"5":{"start":{"line":6,"column":0},"end":{"line":6,"column":26}},"6":{"start":{"line":7,"column":0},"end":{"line":7,"column":2}},"7":{"start":{"line":8,"column":0},"end":{"line":8,"column":0}},"8":{"start":{"line":9,"column":0},"end":{"line":9,"column":81}},"9":{"start":{"line":10,"column":0},"end":{"line":10,"column":10}},"10":{"start":{"line":11,"column":0},"end":{"line":11,"column":12}},"11":{"start":{"line":12,"column":0},"end":{"line":12,"column":24}},"12":{"start":{"line":13,"column":0},"end":{"line":13,"column":11}},"13":{"start":{"line":14,"column":0},"end":{"line":14,"column":51}},"14":{"start":{"line":15,"column":0},"end":{"line":15,"column":23}},"15":{"start":{"line":16,"column":0},"end":{"line":16,"column":75}},"16":{"start":{"line":17,"column":0},"end":{"line":17,"column":13}},"17":{"start":{"line":18,"column":0},"end":{"line":18,"column":19}},"18":{"start":{"line":19,"column":0},"end":{"line":19,"column":17}},"19":{"start":{"line":20,"column":0},"end":{"line":20,"column":12}},"20":{"start":{"line":21,"column":0},"end":{"line":21,"column":13}},"21":{"start":{"line":22,"column":0},"end":{"line":22,"column":4}},"22":{"start":{"line":23,"column":0},"end":{"line":23,"column":1}}},"s":{"0":1,"1":1,"2":1,"3":1,"4":1,"5":1,"6":1,"7":1,"8":1,"9":1,"10":1,"11":1,"12":1,"13":1,"14":1,"15":1,"16":1,"17":1,"18":0,"19":1,"20":1,"21":1,"22":1},"branchMap":{"0":{"type":"branch","line":9,"loc":{"start":{"line":9,"column":7},"end":{"line":23,"column":1}},"locations":[{"start":{"line":9,"column":7},"end":{"line":23,"column":1}}]},"1":{"type":"branch","line":14,"loc":{"start":{"line":14,"column":36},"end":{"line":14,"column":51}},"locations":[{"start":{"line":14,"column":36},"end":{"line":14,"column":51}}]},"2":{"type":"branch","line":18,"loc":{"start":{"line":18,"column":10},"end":{"line":19,"column":17}},"locations":[{"start":{"line":18,"column":10},"end":{"line":19,"column":17}}]}},"b":{"0":[1],"1":[0],"2":[0]},"fnMap":{"0":{"name":"Header","decl":{"start":{"line":9,"column":7},"end":{"line":23,"column":1}},"loc":{"start":{"line":9,"column":7},"end":{"line":23,"column":1}},"line":9}},"f":{"0":1}}
,"/Users/apple/Documents/GitHub/hasegawa/chrome-extension/src/popup/components/ModeToggle.tsx": {"path":"/Users/apple/Documents/GitHub/hasegawa/chrome-extension/src/popup/components/ModeToggle.tsx","all":false,"statementMap":{"0":{"start":{"line":1,"column":0},"end":{"line":1,"column":26}},"1":{"start":{"line":2,"column":0},"end":{"line":2,"column":40}},"2":{"start":{"line":3,"column":0},"end":{"line":3,"column":0}},"3":{"start":{"line":4,"column":0},"end":{"line":4,"column":24}},"4":{"start":{"line":5,"column":0},"end":{"line":5,"column":13}},"5":{"start":{"line":6,"column":0},"end":{"line":6,"column":33}},"6":{"start":{"line":7,"column":0},"end":{"line":7,"column":2}},"7":{"start":{"line":8,"column":0},"end":{"line":8,"column":0}},"8":{"start":{"line":9,"column":0},"end":{"line":9,"column":65}},"9":{"start":{"line":10,"column":0},"end":{"line":10,"column":10}},"10":{"start":{"line":11,"column":0},"end":{"line":11,"column":9}},"11":{"start":{"line":12,"column":0},"end":{"line":12,"column":92}},"12":{"start":{"line":13,"column":0},"end":{"line":13,"column":10}},"13":{"start":{"line":14,"column":0},"end":{"line":14,"column":15}},"14":{"start":{"line":15,"column":0},"end":{"line":15,"column":90}},"15":{"start":{"line":16,"column":0},"end":{"line":16,"column":10}},"16":{"start":{"line":17,"column":0},"end":{"line":17,"column":15}},"17":{"start":{"line":18,"column":0},"end":{"line":18,"column":10}},"18":{"start":{"line":19,"column":0},"end":{"line":19,"column":4}},"19":{"start":{"line":20,"column":0},"end":{"line":20,"column":1}}},"s":{"0":1,"1":1,"2":1,"3":1,"4":1,"5":1,"6":1,"7":1,"8":1,"9":2,"10":2,"11":2,"12":2,"13":2,"14":2,"15":2,"16":2,"17":2,"18":2,"19":2},"branchMap":{"0":{"type":"branch","line":9,"loc":{"start":{"line":9,"column":7},"end":{"line":20,"column":1}},"locations":[{"start":{"line":9,"column":7},"end":{"line":20,"column":1}}]},"1":{"type":"branch","line":12,"loc":{"start":{"line":12,"column":68},"end":{"line":12,"column":92}},"locations":[{"start":{"line":12,"column":68},"end":{"line":12,"column":92}}]},"2":{"type":"branch","line":15,"loc":{"start":{"line":15,"column":67},"end":{"line":15,"column":90}},"locations":[{"start":{"line":15,"column":67},"end":{"line":15,"column":90}}]}},"b":{"0":[2],"1":[1],"2":[1]},"fnMap":{"0":{"name":"ModeToggle","decl":{"start":{"line":9,"column":7},"end":{"line":20,"column":1}},"loc":{"start":{"line":9,"column":7},"end":{"line":20,"column":1}},"line":9},"1":{"name":"onClick","decl":{"start":{"line":12,"column":68},"end":{"line":12,"column":92}},"loc":{"start":{"line":12,"column":68},"end":{"line":12,"column":92}},"line":12},"2":{"name":"onClick","decl":{"start":{"line":15,"column":67},"end":{"line":15,"column":90}},"loc":{"start":{"line":15,"column":67},"end":{"line":15,"column":90}},"line":15}},"f":{"0":2,"1":1,"2":1}}
,"/Users/apple/Documents/GitHub/hasegawa/chrome-extension/src/popup/components/PatientRow.tsx": {"path":"/Users/apple/Documents/GitHub/hasegawa/chrome-extension/src/popup/components/PatientRow.tsx","all":false,"statementMap":{"0":{"start":{"line":1,"column":0},"end":{"line":1,"column":26}},"1":{"start":{"line":2,"column":0},"end":{"line":2,"column":43}},"2":{"start":{"line":3,"column":0},"end":{"line":3,"column":46}},"3":{"start":{"line":4,"column":0},"end":{"line":4,"column":44}},"4":{"start":{"line":5,"column":0},"end":{"line":5,"column":0}},"5":{"start":{"line":6,"column":0},"end":{"line":6,"column":50}},"6":{"start":{"line":7,"column":0},"end":{"line":7,"column":57}},"7":{"start":{"line":8,"column":0},"end":{"line":8,"column":1}},"8":{"start":{"line":9,"column":0},"end":{"line":9,"column":0}},"9":{"start":{"line":10,"column":0},"end":{"line":10,"column":24}},"10":{"start":{"line":11,"column":0},"end":{"line":11,"column":16}},"11":{"start":{"line":12,"column":0},"end":{"line":12,"column":19}},"12":{"start":{"line":13,"column":0},"end":{"line":13,"column":17}},"13":{"start":{"line":14,"column":0},"end":{"line":14,"column":17}},"14":{"start":{"line":15,"column":0},"end":{"line":15,"column":60}},"15":{"start":{"line":16,"column":0},"end":{"line":16,"column":2}},"16":{"start":{"line":17,"column":0},"end":{"line":17,"column":0}},"17":{"start":{"line":18,"column":0},"end":{"line":18,"column":86}},"18":{"start":{"line":19,"column":0},"end":{"line":19,"column":76}},"19":{"start":{"line":20,"column":0},"end":{"line":20,"column":44}},"20":{"start":{"line":21,"column":0},"end":{"line":21,"column":0}},"21":{"start":{"line":22,"column":0},"end":{"line":22,"column":10}},"22":{"start":{"line":23,"column":0},"end":{"line":23,"column":90}},"23":{"start":{"line":24,"column":0},"end":{"line":24,"column":12}},"24":{"start":{"line":25,"column":0},"end":{"line":25,"column":35}},"25":{"start":{"line":26,"column":0},"end":{"line":26,"column":21}},"26":{"start":{"line":27,"column":0},"end":{"line":27,"column":15}},"27":{"start":{"line":28,"column":0},"end":{"line":28,"column":17}},"28":{"start":{"line":29,"column":0},"end":{"line":29,"column":27}},"29":{"start":{"line":30,"column":0},"end":{"line":30,"column":73}},"30":{"start":{"line":31,"column":0},"end":{"line":31,"column":70}},"31":{"start":{"line":32,"column":0},"end":{"line":32,"column":8}},"32":{"start":{"line":33,"column":0},"end":{"line":33,"column":13}},"33":{"start":{"line":34,"column":0},"end":{"line":34,"column":38}},"34":{"start":{"line":35,"column":0},"end":{"line":35,"column":30}},"35":{"start":{"line":36,"column":0},"end":{"line":36,"column":68}},"36":{"start":{"line":37,"column":0},"end":{"line":37,"column":7}},"37":{"start":{"line":38,"column":0},"end":{"line":38,"column":38}},"38":{"start":{"line":39,"column":0},"end":{"line":39,"column":38}},"39":{"start":{"line":40,"column":0},"end":{"line":40,"column":40}},"40":{"start":{"line":41,"column":0},"end":{"line":41,"column":15}},"41":{"start":{"line":42,"column":0},"end":{"line":42,"column":19}},"42":{"start":{"line":43,"column":0},"end":{"line":43,"column":42}},"43":{"start":{"line":44,"column":0},"end":{"line":44,"column":19}},"44":{"start":{"line":45,"column":0},"end":{"line":45,"column":19}},"45":{"start":{"line":46,"column":0},"end":{"line":46,"column":30}},"46":{"start":{"line":47,"column":0},"end":{"line":47,"column":51}},"47":{"start":{"line":48,"column":0},"end":{"line":48,"column":31}},"48":{"start":{"line":49,"column":0},"end":{"line":49,"column":40}},"49":{"start":{"line":50,"column":0},"end":{"line":50,"column":10}},"50":{"start":{"line":51,"column":0},"end":{"line":51,"column":8}},"51":{"start":{"line":52,"column":0},"end":{"line":52,"column":18}},"52":{"start":{"line":53,"column":0},"end":{"line":53,"column":29}},"53":{"start":{"line":54,"column":0},"end":{"line":54,"column":62}},"54":{"start":{"line":55,"column":0},"end":{"line":55,"column":8}},"55":{"start":{"line":56,"column":0},"end":{"line":56,"column":44}},"56":{"start":{"line":57,"column":0},"end":{"line":57,"column":10}},"57":{"start":{"line":58,"column":0},"end":{"line":58,"column":4}},"58":{"start":{"line":59,"column":0},"end":{"line":59,"column":1}}},"s":{"0":1,"1":1,"2":1,"3":1,"4":1,"5":1,"6":9,"7":9,"8":1,"9":1,"10":1,"11":1,"12":1,"13":1,"14":1,"15":1,"16":1,"17":1,"18":9,"19":9,"20":9,"21":9,"22":9,"23":9,"24":9,"25":9,"26":9,"27":9,"28":9,"29":9,"30":9,"31":9,"32":9,"33":9,"34":9,"35":9,"36":9,"37":9,"38":9,"39":9,"40":9,"41":9,"42":9,"43":9,"44":9,"45":9,"46":1,"47":1,"48":1,"49":1,"50":9,"51":9,"52":9,"53":9,"54":9,"55":9,"56":9,"57":9,"58":9},"branchMap":{"0":{"type":"branch","line":6,"loc":{"start":{"line":6,"column":7},"end":{"line":8,"column":1}},"locations":[{"start":{"line":6,"column":7},"end":{"line":8,"column":1}}]},"1":{"type":"branch","line":7,"loc":{"start":{"line":7,"column":41},"end":{"line":7,"column":57}},"locations":[{"start":{"line":7,"column":41},"end":{"line":7,"column":57}}]},"2":{"type":"branch","line":18,"loc":{"start":{"line":18,"column":7},"end":{"line":59,"column":1}},"locations":[{"start":{"line":18,"column":7},"end":{"line":59,"column":1}}]},"3":{"type":"branch","line":19,"loc":{"start":{"line":19,"column":38},"end":{"line":19,"column":76}},"locations":[{"start":{"line":19,"column":38},"end":{"line":19,"column":76}}]},"4":{"type":"branch","line":23,"loc":{"start":{"line":23,"column":60},"end":{"line":23,"column":81}},"locations":[{"start":{"line":23,"column":60},"end":{"line":23,"column":81}}]},"5":{"type":"branch","line":23,"loc":{"start":{"line":23,"column":72},"end":{"line":23,"column":90}},"locations":[{"start":{"line":23,"column":72},"end":{"line":23,"column":90}}]},"6":{"type":"branch","line":31,"loc":{"start":{"line":31,"column":15},"end":{"line":31,"column":60}},"locations":[{"start":{"line":31,"column":15},"end":{"line":31,"column":60}}]},"7":{"type":"branch","line":31,"loc":{"start":{"line":31,"column":56},"end":{"line":31,"column":70}},"locations":[{"start":{"line":31,"column":56},"end":{"line":31,"column":70}}]},"8":{"type":"branch","line":43,"loc":{"start":{"line":43,"column":34},"end":{"line":43,"column":42}},"locations":[{"start":{"line":43,"column":34},"end":{"line":43,"column":42}}]},"9":{"type":"branch","line":56,"loc":{"start":{"line":56,"column":7},"end":{"line":56,"column":39}},"locations":[{"start":{"line":56,"column":7},"end":{"line":56,"column":39}}]},"10":{"type":"branch","line":56,"loc":{"start":{"line":56,"column":29},"end":{"line":56,"column":44}},"locations":[{"start":{"line":56,"column":29},"end":{"line":56,"column":44}}]},"11":{"type":"branch","line":30,"loc":{"start":{"line":30,"column":18},"end":{"line":30,"column":73}},"locations":[{"start":{"line":30,"column":18},"end":{"line":30,"column":73}}]},"12":{"type":"branch","line":36,"loc":{"start":{"line":36,"column":18},"end":{"line":36,"column":68}},"locations":[{"start":{"line":36,"column":18},"end":{"line":36,"column":68}}]},"13":{"type":"branch","line":46,"loc":{"start":{"line":46,"column":18},"end":{"line":50,"column":10}},"locations":[{"start":{"line":46,"column":18},"end":{"line":50,"column":10}}]},"14":{"type":"branch","line":54,"loc":{"start":{"line":54,"column":18},"end":{"line":54,"column":62}},"locations":[{"start":{"line":54,"column":18},"end":{"line":54,"column":62}}]}},"b":{"0":[9],"1":[8],"2":[9],"3":[8],"4":[1],"5":[8],"6":[1],"7":[8],"8":[1],"9":[1],"10":[8],"11":[2],"12":[1],"13":[1],"14":[1]},"fnMap":{"0":{"name":"isValidAge","decl":{"start":{"line":6,"column":7},"end":{"line":8,"column":1}},"loc":{"start":{"line":6,"column":7},"end":{"line":8,"column":1}},"line":6},"1":{"name":"PatientRow","decl":{"start":{"line":18,"column":7},"end":{"line":59,"column":1}},"loc":{"start":{"line":18,"column":7},"end":{"line":59,"column":1}},"line":18},"2":{"name":"onChange","decl":{"start":{"line":30,"column":18},"end":{"line":30,"column":73}},"loc":{"start":{"line":30,"column":18},"end":{"line":30,"column":73}},"line":30},"3":{"name":"onChange","decl":{"start":{"line":36,"column":18},"end":{"line":36,"column":68}},"loc":{"start":{"line":36,"column":18},"end":{"line":36,"column":68}},"line":36},"4":{"name":"onChange","decl":{"start":{"line":46,"column":18},"end":{"line":50,"column":10}},"loc":{"start":{"line":46,"column":18},"end":{"line":50,"column":10}},"line":46},"5":{"name":"onChange","decl":{"start":{"line":54,"column":18},"end":{"line":54,"column":62}},"loc":{"start":{"line":54,"column":18},"end":{"line":54,"column":62}},"line":54}},"f":{"0":9,"1":9,"2":2,"3":1,"4":1,"5":1}}
,"/Users/apple/Documents/GitHub/hasegawa/chrome-extension/src/popup/components/RehabToggle.tsx": {"path":"/Users/apple/Documents/GitHub/hasegawa/chrome-extension/src/popup/components/RehabToggle.tsx","all":false,"statementMap":{"0":{"start":{"line":1,"column":0},"end":{"line":1,"column":26}},"1":{"start":{"line":2,"column":0},"end":{"line":2,"column":0}},"2":{"start":{"line":3,"column":0},"end":{"line":3,"column":25}},"3":{"start":{"line":4,"column":0},"end":{"line":4,"column":24}},"4":{"start":{"line":5,"column":0},"end":{"line":5,"column":37}},"5":{"start":{"line":6,"column":0},"end":{"line":6,"column":2}},"6":{"start":{"line":7,"column":0},"end":{"line":7,"column":0}},"7":{"start":{"line":8,"column":0},"end":{"line":8,"column":68}},"8":{"start":{"line":9,"column":0},"end":{"line":9,"column":10}},"9":{"start":{"line":10,"column":0},"end":{"line":10,"column":9}},"10":{"start":{"line":11,"column":0},"end":{"line":11,"column":13}},"11":{"start":{"line":12,"column":0},"end":{"line":12,"column":21}},"12":{"start":{"line":13,"column":0},"end":{"line":13,"column":37}},"13":{"start":{"line":14,"column":0},"end":{"line":14,"column":38}},"14":{"start":{"line":15,"column":0},"end":{"line":15,"column":7}},"15":{"start":{"line":16,"column":0},"end":{"line":16,"column":10}},"16":{"start":{"line":17,"column":0},"end":{"line":17,"column":15}},"17":{"start":{"line":18,"column":0},"end":{"line":18,"column":13}},"18":{"start":{"line":19,"column":0},"end":{"line":19,"column":21}},"19":{"start":{"line":20,"column":0},"end":{"line":20,"column":38}},"20":{"start":{"line":21,"column":0},"end":{"line":21,"column":39}},"21":{"start":{"line":22,"column":0},"end":{"line":22,"column":7}},"22":{"start":{"line":23,"column":0},"end":{"line":23,"column":10}},"23":{"start":{"line":24,"column":0},"end":{"line":24,"column":15}},"24":{"start":{"line":25,"column":0},"end":{"line":25,"column":10}},"25":{"start":{"line":26,"column":0},"end":{"line":26,"column":4}},"26":{"start":{"line":27,"column":0},"end":{"line":27,"column":1}}},"s":{"0":1,"1":1,"2":1,"3":1,"4":1,"5":1,"6":1,"7":1,"8":10,"9":10,"10":10,"11":10,"12":10,"13":10,"14":10,"15":10,"16":10,"17":10,"18":10,"19":10,"20":10,"21":10,"22":10,"23":10,"24":10,"25":10,"26":10},"branchMap":{"0":{"type":"branch","line":8,"loc":{"start":{"line":8,"column":7},"end":{"line":27,"column":1}},"locations":[{"start":{"line":8,"column":7},"end":{"line":27,"column":1}}]},"1":{"type":"branch","line":14,"loc":{"start":{"line":14,"column":17},"end":{"line":14,"column":38}},"locations":[{"start":{"line":14,"column":17},"end":{"line":14,"column":38}}]},"2":{"type":"branch","line":21,"loc":{"start":{"line":21,"column":17},"end":{"line":21,"column":39}},"locations":[{"start":{"line":21,"column":17},"end":{"line":21,"column":39}}]}},"b":{"0":[10],"1":[2],"2":[1]},"fnMap":{"0":{"name":"RehabToggle","decl":{"start":{"line":8,"column":7},"end":{"line":27,"column":1}},"loc":{"start":{"line":8,"column":7},"end":{"line":27,"column":1}},"line":8},"1":{"name":"onClick","decl":{"start":{"line":14,"column":17},"end":{"line":14,"column":38}},"loc":{"start":{"line":14,"column":17},"end":{"line":14,"column":38}},"line":14},"2":{"name":"onClick","decl":{"start":{"line":21,"column":17},"end":{"line":21,"column":39}},"loc":{"start":{"line":21,"column":17},"end":{"line":21,"column":39}},"line":21}},"f":{"0":10,"1":2,"2":1}}
,"/Users/apple/Documents/GitHub/hasegawa/chrome-extension/src/popup/hooks/useAppState.ts": {"path":"/Users/apple/Documents/GitHub/hasegawa/chrome-extension/src/popup/hooks/useAppState.ts","all":false,"statementMap":{"0":{"start":{"line":1,"column":0},"end":{"line":1,"column":59}},"1":{"start":{"line":2,"column":0},"end":{"line":2,"column":13}},"2":{"start":{"line":3,"column":0},"end":{"line":3,"column":11}},"3":{"start":{"line":4,"column":0},"end":{"line":4,"column":7}},"4":{"start":{"line":5,"column":0},"end":{"line":5,"column":10}},"5":{"start":{"line":6,"column":0},"end":{"line":6,"column":9}},"6":{"start":{"line":7,"column":0},"end":{"line":7,"column":18}},"7":{"start":{"line":8,"column":0},"end":{"line":8,"column":15}},"8":{"start":{"line":9,"column":0},"end":{"line":9,"column":21}},"9":{"start":{"line":10,"column":0},"end":{"line":10,"column":0}},"10":{"start":{"line":11,"column":0},"end":{"line":11,"column":13}},"11":{"start":{"line":12,"column":0},"end":{"line":12,"column":43}},"12":{"start":{"line":13,"column":0},"end":{"line":13,"column":66}},"13":{"start":{"line":14,"column":0},"end":{"line":14,"column":70}},"14":{"start":{"line":15,"column":0},"end":{"line":15,"column":36}},"15":{"start":{"line":16,"column":0},"end":{"line":16,"column":38}},"16":{"start":{"line":17,"column":0},"end":{"line":17,"column":28}},"17":{"start":{"line":18,"column":0},"end":{"line":18,"column":52}},"18":{"start":{"line":19,"column":0},"end":{"line":19,"column":43}},"19":{"start":{"line":20,"column":0},"end":{"line":20,"column":59}},"20":{"start":{"line":21,"column":0},"end":{"line":21,"column":0}},"21":{"start":{"line":22,"column":0},"end":{"line":22,"column":31}},"22":{"start":{"line":23,"column":0},"end":{"line":23,"column":23}},"23":{"start":{"line":24,"column":0},"end":{"line":24,"column":31}},"24":{"start":{"line":25,"column":0},"end":{"line":25,"column":55}},"25":{"start":{"line":26,"column":0},"end":{"line":26,"column":50}},"26":{"start":{"line":27,"column":0},"end":{"line":27,"column":31}},"27":{"start":{"line":28,"column":0},"end":{"line":28,"column":1}},"28":{"start":{"line":29,"column":0},"end":{"line":29,"column":0}},"29":{"start":{"line":30,"column":0},"end":{"line":30,"column":33}},"30":{"start":{"line":31,"column":0},"end":{"line":31,"column":18}},"31":{"start":{"line":32,"column":0},"end":{"line":32,"column":15}},"32":{"start":{"line":33,"column":0},"end":{"line":33,"column":23}},"33":{"start":{"line":34,"column":0},"end":{"line":34,"column":15}},"34":{"start":{"line":35,"column":0},"end":{"line":35,"column":29}},"35":{"start":{"line":36,"column":0},"end":{"line":36,"column":20}},"36":{"start":{"line":37,"column":0},"end":{"line":37,"column":22}},"37":{"start":{"line":38,"column":0},"end":{"line":38,"column":25}},"38":{"start":{"line":39,"column":0},"end":{"line":39,"column":2}},"39":{"start":{"line":40,"column":0},"end":{"line":40,"column":0}},"40":{"start":{"line":41,"column":0},"end":{"line":41,"column":61}},"41":{"start":{"line":42,"column":0},"end":{"line":42,"column":24}},"42":{"start":{"line":43,"column":0},"end":{"line":43,"column":23}},"43":{"start":{"line":44,"column":0},"end":{"line":44,"column":68}},"44":{"start":{"line":45,"column":0},"end":{"line":45,"column":0}},"45":{"start":{"line":46,"column":0},"end":{"line":46,"column":24}},"46":{"start":{"line":47,"column":0},"end":{"line":47,"column":14}},"47":{"start":{"line":48,"column":0},"end":{"line":48,"column":17}},"48":{"start":{"line":49,"column":0},"end":{"line":49,"column":34}},"49":{"start":{"line":50,"column":0},"end":{"line":50,"column":39}},"50":{"start":{"line":51,"column":0},"end":{"line":51,"column":23}},"51":{"start":{"line":52,"column":0},"end":{"line":52,"column":8}},"52":{"start":{"line":53,"column":0},"end":{"line":53,"column":0}},"53":{"start":{"line":54,"column":0},"end":{"line":54,"column":28}},"54":{"start":{"line":55,"column":0},"end":{"line":55,"column":59}},"55":{"start":{"line":56,"column":0},"end":{"line":56,"column":73}},"56":{"start":{"line":57,"column":0},"end":{"line":57,"column":8}},"57":{"start":{"line":58,"column":0},"end":{"line":58,"column":36}},"58":{"start":{"line":59,"column":0},"end":{"line":59,"column":5}},"59":{"start":{"line":60,"column":0},"end":{"line":60,"column":0}},"60":{"start":{"line":61,"column":0},"end":{"line":61,"column":20}},"61":{"start":{"line":62,"column":0},"end":{"line":62,"column":45}},"62":{"start":{"line":63,"column":0},"end":{"line":63,"column":0}},"63":{"start":{"line":64,"column":0},"end":{"line":64,"column":20}},"64":{"start":{"line":65,"column":0},"end":{"line":65,"column":53}},"65":{"start":{"line":66,"column":0},"end":{"line":66,"column":0}},"66":{"start":{"line":67,"column":0},"end":{"line":67,"column":24}},"67":{"start":{"line":68,"column":0},"end":{"line":68,"column":65}},"68":{"start":{"line":69,"column":0},"end":{"line":69,"column":0}},"69":{"start":{"line":70,"column":0},"end":{"line":70,"column":26}},"70":{"start":{"line":71,"column":0},"end":{"line":71,"column":14}},"71":{"start":{"line":72,"column":0},"end":{"line":72,"column":17}},"72":{"start":{"line":73,"column":0},"end":{"line":73,"column":28}},"73":{"start":{"line":74,"column":0},"end":{"line":74,"column":29}},"74":{"start":{"line":75,"column":0},"end":{"line":75,"column":21}},"75":{"start":{"line":76,"column":0},"end":{"line":76,"column":23}},"76":{"start":{"line":77,"column":0},"end":{"line":77,"column":40}},"77":{"start":{"line":78,"column":0},"end":{"line":78,"column":8}},"78":{"start":{"line":79,"column":0},"end":{"line":79,"column":0}},"79":{"start":{"line":80,"column":0},"end":{"line":80,"column":24}},"80":{"start":{"line":81,"column":0},"end":{"line":81,"column":74}},"81":{"start":{"line":82,"column":0},"end":{"line":82,"column":0}},"82":{"start":{"line":83,"column":0},"end":{"line":83,"column":27}},"83":{"start":{"line":84,"column":0},"end":{"line":84,"column":14}},"84":{"start":{"line":85,"column":0},"end":{"line":85,"column":17}},"85":{"start":{"line":86,"column":0},"end":{"line":86,"column":43}},"86":{"start":{"line":87,"column":0},"end":{"line":87,"column":48}},"87":{"start":{"line":88,"column":0},"end":{"line":88,"column":51}},"88":{"start":{"line":89,"column":0},"end":{"line":89,"column":35}},"89":{"start":{"line":90,"column":0},"end":{"line":90,"column":23}},"90":{"start":{"line":91,"column":0},"end":{"line":91,"column":8}},"91":{"start":{"line":92,"column":0},"end":{"line":92,"column":0}},"92":{"start":{"line":93,"column":0},"end":{"line":93,"column":12}},"93":{"start":{"line":94,"column":0},"end":{"line":94,"column":19}},"94":{"start":{"line":95,"column":0},"end":{"line":95,"column":3}},"95":{"start":{"line":96,"column":0},"end":{"line":96,"column":1}},"96":{"start":{"line":97,"column":0},"end":{"line":97,"column":0}},"97":{"start":{"line":98,"column":0},"end":{"line":98,"column":61}},"98":{"start":{"line":99,"column":0},"end":{"line":99,"column":36}},"99":{"start":{"line":100,"column":0},"end":{"line":100,"column":37}},"100":{"start":{"line":101,"column":0},"end":{"line":101,"column":34}},"101":{"start":{"line":102,"column":0},"end":{"line":102,"column":29}},"102":{"start":{"line":103,"column":0},"end":{"line":103,"column":37}},"103":{"start":{"line":104,"column":0},"end":{"line":104,"column":21}},"104":{"start":{"line":105,"column":0},"end":{"line":105,"column":4}},"105":{"start":{"line":106,"column":0},"end":{"line":106,"column":64}},"106":{"start":{"line":107,"column":0},"end":{"line":107,"column":1}},"107":{"start":{"line":108,"column":0},"end":{"line":108,"column":0}},"108":{"start":{"line":109,"column":0},"end":{"line":109,"column":31}},"109":{"start":{"line":110,"column":0},"end":{"line":110,"column":63}},"110":{"start":{"line":111,"column":0},"end":{"line":111,"column":0}},"111":{"start":{"line":112,"column":0},"end":{"line":112,"column":19}},"112":{"start":{"line":113,"column":0},"end":{"line":113,"column":68}},"113":{"start":{"line":114,"column":0},"end":{"line":114,"column":68}},"114":{"start":{"line":115,"column":0},"end":{"line":115,"column":54}},"115":{"start":{"line":116,"column":0},"end":{"line":116,"column":62}},"116":{"start":{"line":117,"column":0},"end":{"line":117,"column":7}},"117":{"start":{"line":118,"column":0},"end":{"line":118,"column":7}},"118":{"start":{"line":119,"column":0},"end":{"line":119,"column":9}},"119":{"start":{"line":120,"column":0},"end":{"line":120,"column":0}},"120":{"start":{"line":121,"column":0},"end":{"line":121,"column":19}},"121":{"start":{"line":122,"column":0},"end":{"line":122,"column":29}},"122":{"start":{"line":123,"column":0},"end":{"line":123,"column":77}},"123":{"start":{"line":124,"column":0},"end":{"line":124,"column":0}},"124":{"start":{"line":125,"column":0},"end":{"line":125,"column":19}},"125":{"start":{"line":126,"column":0},"end":{"line":126,"column":34}},"126":{"start":{"line":127,"column":0},"end":{"line":127,"column":58}},"127":{"start":{"line":128,"column":0},"end":{"line":128,"column":5}},"128":{"start":{"line":129,"column":0},"end":{"line":129,"column":21}},"129":{"start":{"line":130,"column":0},"end":{"line":130,"column":0}},"130":{"start":{"line":131,"column":0},"end":{"line":131,"column":77}},"131":{"start":{"line":132,"column":0},"end":{"line":132,"column":83}},"132":{"start":{"line":133,"column":0},"end":{"line":133,"column":42}},"133":{"start":{"line":134,"column":0},"end":{"line":134,"column":64}},"134":{"start":{"line":135,"column":0},"end":{"line":135,"column":4}},"135":{"start":{"line":136,"column":0},"end":{"line":136,"column":50}},"136":{"start":{"line":137,"column":0},"end":{"line":137,"column":19}},"137":{"start":{"line":138,"column":0},"end":{"line":138,"column":32}},"138":{"start":{"line":139,"column":0},"end":{"line":139,"column":25}},"139":{"start":{"line":140,"column":0},"end":{"line":140,"column":24}},"140":{"start":{"line":141,"column":0},"end":{"line":141,"column":17}},"141":{"start":{"line":142,"column":0},"end":{"line":142,"column":0}},"142":{"start":{"line":143,"column":0},"end":{"line":143,"column":54}},"143":{"start":{"line":144,"column":0},"end":{"line":144,"column":46}},"144":{"start":{"line":145,"column":0},"end":{"line":145,"column":9}},"145":{"start":{"line":146,"column":0},"end":{"line":146,"column":0}},"146":{"start":{"line":147,"column":0},"end":{"line":147,"column":10}},"147":{"start":{"line":148,"column":0},"end":{"line":148,"column":10}},"148":{"start":{"line":149,"column":0},"end":{"line":149,"column":13}},"149":{"start":{"line":150,"column":0},"end":{"line":150,"column":15}},"150":{"start":{"line":151,"column":0},"end":{"line":151,"column":17}},"151":{"start":{"line":152,"column":0},"end":{"line":152,"column":17}},"152":{"start":{"line":153,"column":0},"end":{"line":153,"column":16}},"153":{"start":{"line":154,"column":0},"end":{"line":154,"column":14}},"154":{"start":{"line":155,"column":0},"end":{"line":155,"column":4}},"155":{"start":{"line":156,"column":0},"end":{"line":156,"column":1}}},"s":{"0":1,"1":1,"2":1,"3":1,"4":1,"5":1,"6":1,"7":1,"8":1,"9":1,"10":1,"11":1,"12":1,"13":1,"14":1,"15":1,"16":1,"17":1,"18":1,"19":1,"20":1,"21":2,"22":2,"23":2,"24":2,"25":2,"26":2,"27":2,"28":1,"29":1,"30":1,"31":1,"32":1,"33":1,"34":1,"35":1,"36":1,"37":1,"38":1,"39":1,"40":5,"41":5,"42":5,"43":2,"44":5,"45":5,"46":1,"47":1,"48":1,"49":1,"50":1,"51":1,"52":5,"53":5,"54":0,"55":0,"56":0,"57":0,"58":0,"59":5,"60":5,"61":0,"62":5,"63":5,"64":0,"65":5,"66":5,"67":0,"68":5,"69":5,"70":1,"71":1,"72":1,"73":1,"74":1,"75":1,"76":1,"77":1,"78":5,"79":5,"80":0,"81":5,"82":5,"83":1,"84":1,"85":1,"86":1,"87":1,"88":1,"89":1,"90":1,"91":5,"92":5,"93":0,"94":5,"95":5,"96":1,"97":8,"98":8,"99":2,"100":2,"101":2,"102":2,"103":2,"104":2,"105":2,"106":2,"107":1,"108":1,"109":12,"110":12,"111":12,"112":5,"113":5,"114":5,"115":1,"116":1,"117":5,"118":12,"119":12,"120":12,"121":8,"122":12,"123":12,"124":12,"125":9,"126":1,"127":1,"128":12,"129":12,"130":12,"131":12,"132":12,"133":12,"134":12,"135":12,"136":12,"137":12,"138":2,"139":2,"140":1,"141":12,"142":12,"143":2,"144":12,"145":12,"146":12,"147":12,"148":12,"149":12,"150":12,"151":12,"152":12,"153":12,"154":12,"155":12},"branchMap":{"0":{"type":"branch","line":22,"loc":{"start":{"line":22,"column":0},"end":{"line":28,"column":1}},"locations":[{"start":{"line":22,"column":0},"end":{"line":28,"column":1}}]},"1":{"type":"branch","line":41,"loc":{"start":{"line":41,"column":0},"end":{"line":96,"column":1}},"locations":[{"start":{"line":41,"column":0},"end":{"line":96,"column":1}}]},"2":{"type":"branch","line":43,"loc":{"start":{"line":43,"column":4},"end":{"line":44,"column":68}},"locations":[{"start":{"line":43,"column":4},"end":{"line":44,"column":68}}]},"3":{"type":"branch","line":46,"loc":{"start":{"line":46,"column":4},"end":{"line":52,"column":8}},"locations":[{"start":{"line":46,"column":4},"end":{"line":52,"column":8}}]},"4":{"type":"branch","line":54,"loc":{"start":{"line":54,"column":4},"end":{"line":59,"column":5}},"locations":[{"start":{"line":54,"column":4},"end":{"line":59,"column":5}}]},"5":{"type":"branch","line":61,"loc":{"start":{"line":61,"column":4},"end":{"line":62,"column":45}},"locations":[{"start":{"line":61,"column":4},"end":{"line":62,"column":45}}]},"6":{"type":"branch","line":64,"loc":{"start":{"line":64,"column":4},"end":{"line":65,"column":53}},"locations":[{"start":{"line":64,"column":4},"end":{"line":65,"column":53}}]},"7":{"type":"branch","line":67,"loc":{"start":{"line":67,"column":4},"end":{"line":68,"column":65}},"locations":[{"start":{"line":67,"column":4},"end":{"line":68,"column":65}}]},"8":{"type":"branch","line":70,"loc":{"start":{"line":70,"column":4},"end":{"line":78,"column":8}},"locations":[{"start":{"line":70,"column":4},"end":{"line":78,"column":8}}]},"9":{"type":"branch","line":80,"loc":{"start":{"line":80,"column":4},"end":{"line":81,"column":74}},"locations":[{"start":{"line":80,"column":4},"end":{"line":81,"column":74}}]},"10":{"type":"branch","line":83,"loc":{"start":{"line":83,"column":4},"end":{"line":91,"column":8}},"locations":[{"start":{"line":83,"column":4},"end":{"line":91,"column":8}}]},"11":{"type":"branch","line":93,"loc":{"start":{"line":93,"column":4},"end":{"line":94,"column":19}},"locations":[{"start":{"line":93,"column":4},"end":{"line":94,"column":19}}]},"12":{"type":"branch","line":98,"loc":{"start":{"line":98,"column":0},"end":{"line":107,"column":1}},"locations":[{"start":{"line":98,"column":0},"end":{"line":107,"column":1}}]},"13":{"type":"branch","line":99,"loc":{"start":{"line":99,"column":29},"end":{"line":99,"column":36}},"locations":[{"start":{"line":99,"column":29},"end":{"line":99,"column":36}}]},"14":{"type":"branch","line":99,"loc":{"start":{"line":99,"column":29},"end":{"line":107,"column":1}},"locations":[{"start":{"line":99,"column":29},"end":{"line":107,"column":1}}]},"15":{"type":"branch","line":109,"loc":{"start":{"line":109,"column":7},"end":{"line":156,"column":1}},"locations":[{"start":{"line":109,"column":7},"end":{"line":156,"column":1}}]},"16":{"type":"branch","line":138,"loc":{"start":{"line":138,"column":28},"end":{"line":139,"column":25}},"locations":[{"start":{"line":138,"column":28},"end":{"line":139,"column":25}}]},"17":{"type":"branch","line":139,"loc":{"start":{"line":139,"column":21},"end":{"line":140,"column":24}},"locations":[{"start":{"line":139,"column":21},"end":{"line":140,"column":24}}]},"18":{"type":"branch","line":140,"loc":{"start":{"line":140,"column":20},"end":{"line":141,"column":17}},"locations":[{"start":{"line":140,"column":20},"end":{"line":141,"column":17}}]},"19":{"type":"branch","line":112,"loc":{"start":{"line":112,"column":12},"end":{"line":119,"column":5}},"locations":[{"start":{"line":112,"column":12},"end":{"line":119,"column":5}}]},"20":{"type":"branch","line":113,"loc":{"start":{"line":113,"column":53},"end":{"line":118,"column":5}},"locations":[{"start":{"line":113,"column":53},"end":{"line":118,"column":5}}]},"21":{"type":"branch","line":115,"loc":{"start":{"line":115,"column":10},"end":{"line":115,"column":27}},"locations":[{"start":{"line":115,"column":10},"end":{"line":115,"column":27}}]},"22":{"type":"branch","line":115,"loc":{"start":{"line":115,"column":16},"end":{"line":115,"column":53}},"locations":[{"start":{"line":115,"column":16},"end":{"line":115,"column":53}}]},"23":{"type":"branch","line":115,"loc":{"start":{"line":115,"column":53},"end":{"line":117,"column":7}},"locations":[{"start":{"line":115,"column":53},"end":{"line":117,"column":7}}]},"24":{"type":"branch","line":121,"loc":{"start":{"line":121,"column":12},"end":{"line":123,"column":5}},"locations":[{"start":{"line":121,"column":12},"end":{"line":123,"column":5}}]},"25":{"type":"branch","line":125,"loc":{"start":{"line":125,"column":12},"end":{"line":129,"column":5}},"locations":[{"start":{"line":125,"column":12},"end":{"line":129,"column":5}}]},"26":{"type":"branch","line":126,"loc":{"start":{"line":126,"column":33},"end":{"line":128,"column":5}},"locations":[{"start":{"line":126,"column":33},"end":{"line":128,"column":5}}]},"27":{"type":"branch","line":131,"loc":{"start":{"line":131,"column":45},"end":{"line":131,"column":68}},"locations":[{"start":{"line":131,"column":45},"end":{"line":131,"column":68}}]},"28":{"type":"branch","line":132,"loc":{"start":{"line":132,"column":44},"end":{"line":132,"column":74}},"locations":[{"start":{"line":132,"column":44},"end":{"line":132,"column":74}}]},"29":{"type":"branch","line":134,"loc":{"start":{"line":134,"column":4},"end":{"line":134,"column":64}},"locations":[{"start":{"line":134,"column":4},"end":{"line":134,"column":64}}]},"30":{"type":"branch","line":143,"loc":{"start":{"line":143,"column":33},"end":{"line":145,"column":5}},"locations":[{"start":{"line":143,"column":33},"end":{"line":145,"column":5}}]}},"b":{"0":[2],"1":[5],"2":[2],"3":[1],"4":[0],"5":[0],"6":[0],"7":[0],"8":[1],"9":[0],"10":[1],"11":[0],"12":[8],"13":[6],"14":[2],"15":[12],"16":[2],"17":[2],"18":[1],"19":[5],"20":[5],"21":[1],"22":[1],"23":[1],"24":[8],"25":[9],"26":[1],"27":[2],"28":[2],"29":[2],"30":[2]},"fnMap":{"0":{"name":"localToday","decl":{"start":{"line":22,"column":0},"end":{"line":28,"column":1}},"loc":{"start":{"line":22,"column":0},"end":{"line":28,"column":1}},"line":22},"1":{"name":"reducer","decl":{"start":{"line":41,"column":0},"end":{"line":96,"column":1}},"loc":{"start":{"line":41,"column":0},"end":{"line":96,"column":1}},"line":41},"2":{"name":"saveSnapshot","decl":{"start":{"line":98,"column":0},"end":{"line":107,"column":1}},"loc":{"start":{"line":98,"column":0},"end":{"line":107,"column":1}},"line":98},"3":{"name":"useAppState","decl":{"start":{"line":109,"column":7},"end":{"line":156,"column":1}},"loc":{"start":{"line":109,"column":7},"end":{"line":156,"column":1}},"line":109}},"f":{"0":2,"1":5,"2":8,"3":12}}
,"/Users/apple/Documents/GitHub/hasegawa/chrome-extension/src/popup/hooks/useDiagnosis.ts": {"path":"/Users/apple/Documents/GitHub/hasegawa/chrome-extension/src/popup/hooks/useDiagnosis.ts","all":false,"statementMap":{"0":{"start":{"line":1,"column":0},"end":{"line":1,"column":57}},"1":{"start":{"line":2,"column":0},"end":{"line":2,"column":50}},"2":{"start":{"line":3,"column":0},"end":{"line":3,"column":0}},"3":{"start":{"line":4,"column":0},"end":{"line":4,"column":57}},"4":{"start":{"line":5,"column":0},"end":{"line":5,"column":59}},"5":{"start":{"line":6,"column":0},"end":{"line":6,"column":0}},"6":{"start":{"line":7,"column":0},"end":{"line":7,"column":19}},"7":{"start":{"line":8,"column":0},"end":{"line":8,"column":67}},"8":{"start":{"line":9,"column":0},"end":{"line":9,"column":42}},"9":{"start":{"line":10,"column":0},"end":{"line":10,"column":7}},"10":{"start":{"line":11,"column":0},"end":{"line":11,"column":9}},"11":{"start":{"line":12,"column":0},"end":{"line":12,"column":0}},"12":{"start":{"line":13,"column":0},"end":{"line":13,"column":30}},"13":{"start":{"line":14,"column":0},"end":{"line":14,"column":12}},"14":{"start":{"line":15,"column":0},"end":{"line":15,"column":56}},"15":{"start":{"line":16,"column":0},"end":{"line":16,"column":17}},"16":{"start":{"line":17,"column":0},"end":{"line":17,"column":0}},"17":{"start":{"line":18,"column":0},"end":{"line":18,"column":70}},"18":{"start":{"line":19,"column":0},"end":{"line":19,"column":0}},"19":{"start":{"line":20,"column":0},"end":{"line":20,"column":38}},"20":{"start":{"line":21,"column":0},"end":{"line":21,"column":36}},"21":{"start":{"line":22,"column":0},"end":{"line":22,"column":33}},"22":{"start":{"line":23,"column":0},"end":{"line":23,"column":37}},"23":{"start":{"line":24,"column":0},"end":{"line":24,"column":32}},"24":{"start":{"line":25,"column":0},"end":{"line":25,"column":27}},"25":{"start":{"line":26,"column":0},"end":{"line":26,"column":41}},"26":{"start":{"line":27,"column":0},"end":{"line":27,"column":7}},"27":{"start":{"line":28,"column":0},"end":{"line":28,"column":22}},"28":{"start":{"line":29,"column":0},"end":{"line":29,"column":63}},"29":{"start":{"line":30,"column":0},"end":{"line":30,"column":6}},"30":{"start":{"line":31,"column":0},"end":{"line":31,"column":13}},"31":{"start":{"line":32,"column":0},"end":{"line":32,"column":4}},"32":{"start":{"line":33,"column":0},"end":{"line":33,"column":0}},"33":{"start":{"line":34,"column":0},"end":{"line":34,"column":49}},"34":{"start":{"line":35,"column":0},"end":{"line":35,"column":1}}},"s":{"0":1,"1":1,"2":1,"3":1,"4":11,"5":11,"6":11,"7":4,"8":4,"9":4,"10":11,"11":11,"12":11,"13":11,"14":11,"15":11,"16":11,"17":11,"18":11,"19":11,"20":11,"21":1,"22":1,"23":3,"24":3,"25":3,"26":3,"27":1,"28":1,"29":1,"30":11,"31":11,"32":11,"33":11,"34":11},"branchMap":{"0":{"type":"branch","line":4,"loc":{"start":{"line":4,"column":7},"end":{"line":35,"column":1}},"locations":[{"start":{"line":4,"column":7},"end":{"line":35,"column":1}}]},"1":{"type":"branch","line":7,"loc":{"start":{"line":7,"column":12},"end":{"line":11,"column":5}},"locations":[{"start":{"line":7,"column":12},"end":{"line":11,"column":5}}]},"2":{"type":"branch","line":8,"loc":{"start":{"line":8,"column":52},"end":{"line":10,"column":5}},"locations":[{"start":{"line":8,"column":52},"end":{"line":10,"column":5}}]},"3":{"type":"branch","line":9,"loc":{"start":{"line":9,"column":20},"end":{"line":9,"column":40}},"locations":[{"start":{"line":9,"column":20},"end":{"line":9,"column":40}}]},"4":{"type":"branch","line":15,"loc":{"start":{"line":15,"column":10},"end":{"line":15,"column":55}},"locations":[{"start":{"line":15,"column":10},"end":{"line":15,"column":55}}]},"5":{"type":"branch","line":15,"loc":{"start":{"line":15,"column":29},"end":{"line":15,"column":40}},"locations":[{"start":{"line":15,"column":29},"end":{"line":15,"column":40}}]},"6":{"type":"branch","line":15,"loc":{"start":{"line":15,"column":48},"end":{"line":15,"column":55}},"locations":[{"start":{"line":15,"column":48},"end":{"line":15,"column":55}}]},"7":{"type":"branch","line":18,"loc":{"start":{"line":18,"column":38},"end":{"line":18,"column":68}},"locations":[{"start":{"line":18,"column":38},"end":{"line":18,"column":68}}]},"8":{"type":"branch","line":21,"loc":{"start":{"line":21,"column":4},"end":{"line":30,"column":6}},"locations":[{"start":{"line":21,"column":4},"end":{"line":30,"column":6}}]},"9":{"type":"branch","line":23,"loc":{"start":{"line":23,"column":36},"end":{"line":27,"column":7}},"locations":[{"start":{"line":23,"column":36},"end":{"line":27,"column":7}}]},"10":{"type":"branch","line":25,"loc":{"start":{"line":25,"column":18},"end":{"line":25,"column":27}},"locations":[{"start":{"line":25,"column":18},"end":{"line":25,"column":27}}]},"11":{"type":"branch","line":25,"loc":{"start":{"line":25,"column":18},"end":{"line":26,"column":34}},"locations":[{"start":{"line":25,"column":18},"end":{"line":26,"column":34}}]},"12":{"type":"branch","line":26,"loc":{"start":{"line":26,"column":29},"end":{"line":26,"column":39}},"locations":[{"start":{"line":26,"column":29},"end":{"line":26,"column":39}}]}},"b":{"0":[11],"1":[4],"2":[4],"3":[2],"4":[11],"5":[4],"6":[7],"7":[16],"8":[1],"9":[3],"10":[1],"11":[2],"12":[1]},"fnMap":{"0":{"name":"useDiagnosis","decl":{"start":{"line":4,"column":7},"end":{"line":35,"column":1}},"loc":{"start":{"line":4,"column":7},"end":{"line":35,"column":1}},"line":4}},"f":{"0":11}}
,"/Users/apple/Documents/GitHub/hasegawa/chrome-extension/src/popup/hooks/useStorage.ts": {"path":"/Users/apple/Documents/GitHub/hasegawa/chrome-extension/src/popup/hooks/useStorage.ts","all":false,"statementMap":{"0":{"start":{"line":1,"column":0},"end":{"line":1,"column":44}},"1":{"start":{"line":2,"column":0},"end":{"line":2,"column":47}},"2":{"start":{"line":3,"column":0},"end":{"line":3,"column":0}},"3":{"start":{"line":4,"column":0},"end":{"line":4,"column":31}},"4":{"start":{"line":5,"column":0},"end":{"line":5,"column":17}},"5":{"start":{"line":6,"column":0},"end":{"line":6,"column":16}},"6":{"start":{"line":7,"column":0},"end":{"line":7,"column":15}},"7":{"start":{"line":8,"column":0},"end":{"line":8,"column":22}},"8":{"start":{"line":9,"column":0},"end":{"line":9,"column":2}},"9":{"start":{"line":10,"column":0},"end":{"line":10,"column":0}},"10":{"start":{"line":11,"column":0},"end":{"line":11,"column":30}},"11":{"start":{"line":12,"column":0},"end":{"line":12,"column":66}},"12":{"start":{"line":13,"column":0},"end":{"line":13,"column":50}},"13":{"start":{"line":14,"column":0},"end":{"line":14,"column":49}},"14":{"start":{"line":15,"column":0},"end":{"line":15,"column":0}},"15":{"start":{"line":16,"column":0},"end":{"line":16,"column":19}},"16":{"start":{"line":17,"column":0},"end":{"line":17,"column":17}},"17":{"start":{"line":18,"column":0},"end":{"line":18,"column":91}},"18":{"start":{"line":19,"column":0},"end":{"line":19,"column":46}},"19":{"start":{"line":20,"column":0},"end":{"line":20,"column":47}},"20":{"start":{"line":21,"column":0},"end":{"line":21,"column":19}},"21":{"start":{"line":22,"column":0},"end":{"line":22,"column":43}},"22":{"start":{"line":23,"column":0},"end":{"line":23,"column":41}},"23":{"start":{"line":24,"column":0},"end":{"line":24,"column":39}},"24":{"start":{"line":25,"column":0},"end":{"line":25,"column":53}},"25":{"start":{"line":26,"column":0},"end":{"line":26,"column":9}},"26":{"start":{"line":27,"column":0},"end":{"line":27,"column":44}},"27":{"start":{"line":28,"column":0},"end":{"line":28,"column":24}},"28":{"start":{"line":29,"column":0},"end":{"line":29,"column":7}},"29":{"start":{"line"
[...]
:"branch","line":92,"loc":{"start":{"line":92,"column":19},"end":{"line":96,"column":12}},"locations":[{"start":{"line":92,"column":19},"end":{"line":96,"column":12}}]},"3":{"type":"branch","line":116,"loc":{"start":{"line":116,"column":24},"end":{"line":120,"column":10}},"locations":[{"start":{"line":116,"column":24},"end":{"line":120,"column":10}}]},"4":{"type":"branch","line":120,"loc":{"start":{"line":120,"column":8},"end":{"line":121,"column":15}},"locations":[{"start":{"line":120,"column":8},"end":{"line":121,"column":15}}]},"5":{"type":"branch","line":47,"loc":{"start":{"line":47,"column":2},"end":{"line":70,"column":3}},"locations":[{"start":{"line":47,"column":2},"end":{"line":70,"column":3}}]},"6":{"type":"branch","line":55,"loc":{"start":{"line":55,"column":25},"end":{"line":69,"column":58}},"locations":[{"start":{"line":55,"column":25},"end":{"line":69,"column":58}}]},"7":{"type":"branch","line":62,"loc":{"start":{"line":62,"column":41},"end":{"line":68,"column":6}},"locations":[{"start":{"line":62,"column":41},"end":{"line":68,"column":6}}]},"8":{"type":"branch","line":72,"loc":{"start":{"line":72,"column":2},"end":{"line":76,"column":3}},"locations":[{"start":{"line":72,"column":2},"end":{"line":76,"column":3}}]},"9":{"type":"branch","line":81,"loc":{"start":{"line":81,"column":37},"end":{"line":81,"column":63}},"locations":[{"start":{"line":81,"column":37},"end":{"line":81,"column":63}}]},"10":{"type":"branch","line":88,"loc":{"start":{"line":88,"column":18},"end":{"line":88,"column":78}},"locations":[{"start":{"line":88,"column":18},"end":{"line":88,"column":78}}]},"11":{"type":"branch","line":104,"loc":{"start":{"line":104,"column":28},"end":{"line":112,"column":12}},"locations":[{"start":{"line":104,"column":28},"end":{"line":112,"column":12}}]}},"b":{"0":[9],"1":[7],"2":[2],"3":[1],"4":[8],"5":[2],"6":[1],"7":[1],"8":[1],"9":[2],"10":[1],"11":[8]},"fnMap":{"0":{"name":"patchPatient","decl":{"start":{"line":29,"column":0},"end":{"line":35,"column":1}},"loc":{"start":{"line":29,"column":0},"end":{"line":35,"column":1}},"line":29},"1":{"name":"MainScreen","decl":{"start":{"line":37,"column":7},"end":{"line":132,"column":1}},"loc":{"start":{"line":37,"column":7},"end":{"line":132,"column":1}},"line":37},"2":{"name":"handleFetch","decl":{"start":{"line":47,"column":2},"end":{"line":70,"column":3}},"loc":{"start":{"line":47,"column":2},"end":{"line":70,"column":3}},"line":47},"3":{"name":"jumpToPending","decl":{"start":{"line":72,"column":2},"end":{"line":76,"column":3}},"loc":{"start":{"line":72,"column":2},"end":{"line":76,"column":3}},"line":72},"4":{"name":"onClick","decl":{"start":{"line":81,"column":37},"end":{"line":81,"column":63}},"loc":{"start":{"line":81,"column":37},"end":{"line":81,"column":63}},"line":81},"5":{"name":"onChange","decl":{"start":{"line":88,"column":18},"end":{"line":88,"column":78}},"loc":{"start":{"line":88,"column":18},"end":{"line":88,"column":78}},"line":88},"6":{"name":"onPatch","decl":{"start":{"line":111,"column":21},"end":{"line":111,"column":72}},"loc":{"start":{"line":111,"column":21},"end":{"line":111,"column":72}},"line":111},"7":{"name":"onToggle","decl":{"start":{"line":119,"column":20},"end":{"line":119,"column":67}},"loc":{"start":{"line":119,"column":20},"end":{"line":119,"column":67}},"line":119},"8":{"name":"onClick","decl":{"start":{"line":126,"column":17},"end":{"line":126,"column":76}},"loc":{"start":{"line":126,"column":17},"end":{"line":126,"column":76}},"line":126}},"f":{"0":0,"1":9,"2":2,"3":1,"4":2,"5":1,"6":0,"7":0,"8":0}}
,"/Users/apple/Documents/GitHub/hasegawa/chrome-extension/src/popup/screens/SettingsScreen.tsx": {"path":"/Users/apple/Documents/GitHub/hasegawa/chrome-extension/src/popup/screens/SettingsScreen.tsx","all":false,"statementMap":{"0":{"start":{"line":1,"column":0},"end":{"line":1,"column":40}},"1":{"start":{"line":2,"column":0},"end":{"line":2,"column":55}},"2":{"start":{"line":3,"column":0},"end":{"line":3,"column":0}},"3":{"start":{"line":4,"column":0},"end":{"line":4,"column":28}},"4":{"start":{"line":5,"column":0},"end":{"line":5,"column":12}},"5":{"start":{"line":6,"column":0},"end":{"line":6,"column":26}},"6":{"start":{"line":7,"column":0},"end":{"line":7,"column":22}},"7":{"start":{"line":8,"column":0},"end":{"line":8,"column":71}},"8":{"start":{"line":9,"column":0},"end":{"line":9,"column":4}},"9":{"start":{"line":10,"column":0},"end":{"line":10,"column":39}},"10":{"start":{"line":11,"column":0},"end":{"line":11,"column":2}},"11":{"start":{"line":12,"column":0},"end":{"line":12,"column":0}},"12":{"start":{"line":13,"column":0},"end":{"line":13,"column":78}},"13":{"start":{"line":14,"column":0},"end":{"line":14,"column":76}},"14":{"start":{"line":15,"column":0},"end":{"line":15,"column":73}},"15":{"start":{"line":16,"column":0},"end":{"line":16,"column":70}},"16":{"start":{"line":17,"column":0},"end":{"line":17,"column":65}},"17":{"start":{"line":18,"column":0},"end":{"line":18,"column":48}},"18":{"start":{"line":19,"column":0},"end":{"line":19,"column":4}},"19":{"start":{"line":20,"column":0},"end":{"line":20,"column":58}},"20":{"start":{"line":21,"column":0},"end":{"line":21,"column":0}},"21":{"start":{"line":22,"column":0},"end":{"line":22,"column":31}},"22":{"start":{"line":23,"column":0},"end":{"line":23,"column":31}},"23":{"start":{"line":24,"column":0},"end":{"line":24,"column":7}},"24":{"start":{"line":25,"column":0},"end":{"line":25,"column":19}},"25":{"start":{"line":26,"column":0},"end":{"line":26,"column":18}},"26":{"start":{"line":27,"column":0},"end":{"line":27,"column":17}},"27":{"start":{"line":28,"column":0},"end":{"line":28,"column":44}},"28":{"start":{"line":29,"column":0},"end":{"line":29,"column":25}},"29":{"start":{"line":30,"column":0},"end":{"line":30,"column":37}},"30":{"start":{"line":31,"column":0},"end":{"line":31,"column":27}},"31":{"start":{"line":32,"column":0},"end":{"line":32,"column":8}},"32":{"start":{"line":33,"column":0},"end":{"line":33,"column":13}},"33":{"start":{"line":34,"column":0},"end":{"line":34,"column":6}},"34":{"start":{"line":35,"column":0},"end":{"line":35,"column":23}},"35":{"start":{"line":36,"column":0},"end":{"line":36,"column":3}},"36":{"start":{"line":37,"column":0},"end":{"line":37,"column":0}},"37":{"start":{"line":38,"column":0},"end":{"line":38,"column":10}},"38":{"start":{"line":39,"column":0},"end":{"line":39,"column":13}},"39":{"start":{"line":40,"column":0},"end":{"line":40,"column":17}},"40":{"start":{"line":41,"column":0},"end":{"line":41,"column":82}},"41":{"start":{"line":42,"column":0},"end":{"line":42,"column":80}},"42":{"start":{"line":43,"column":0},"end":{"line":43,"column":78}},"43":{"start":{"line":44,"column":0},"end":{"line":44,"column":103}},"44":{"start":{"line":45,"column":0},"end":{"line":45,"column":74}},"45":{"start":{"line":46,"column":0},"end":{"line":46,"column":47}},"46":{"start":{"line":47,"column":0},"end":{"line":47,"column":62}},"47":{"start":{"line":48,"column":0},"end":{"line":48,"column":10}},"48":{"start":{"line":49,"column":0},"end":{"line":49,"column":15}},"49":{"start":{"line":50,"column":0},"end":{"line":50,"column":14}},"50":{"start":{"line":51,"column":0},"end":{"line":51,"column":4}},"51":{"start":{"line":52,"column":0},"end":{"line":52,"column":1}}},"s":{"0":1,"1":1,"2":1,"3":1,"4":1,"5":1,"6":1,"7":1,"8":1,"9":1,"10":1,"11":1,"12":1,"13":15,"14":15,"15":15,"16":15,"17":15,"18":15,"19":15,"20":15,"21":15,"22":1,"23":1,"24":1,"25":1,"26":1,"27":1,"28":1,"29":1,"30":1,"31":1,"32":1,"33":1,"34":1,"35":1,"36":15,"37":15,"38":15,"39":15,"40":15,"41":15,"42":15,"43":15,"44":15,"45":15,"46":15,"47":15,"48":15,"49":15,"50":15,"51":15},"branchMap":{"0":{"type":"branch","line":13,"loc":{"start":{"line":13,"column":7},"end":{"line":52,"column":1}},"locations":[{"start":{"line":13,"column":7},"end":{"line":52,"column":1}}]},"1":{"type":"branch","line":22,"loc":{"start":{"line":22,"column":2},"end":{"line":36,"column":3}},"locations":[{"start":{"line":22,"column":2},"end":{"line":36,"column":3}}]},"2":{"type":"branch","line":30,"loc":{"start":{"line":30,"column":15},"end":{"line":30,"column":36}},"locations":[{"start":{"line":30,"column":15},"end":{"line":30,"column":36}}]},"3":{"type":"branch","line":41,"loc":{"start":{"line":41,"column":42},"end":{"line":41,"column":80}},"locations":[{"start":{"line":41,"column":42},"end":{"line":41,"column":80}}]},"4":{"type":"branch","line":47,"loc":{"start":{"line":47,"column":37},"end":{"line":47,"column":62}},"locations":[{"start":{"line":47,"column":37},"end":{"line":47,"column":62}}]}},"b":{"0":[15],"1":[1],"2":[1],"3":[14],"4":[1]},"fnMap":{"0":{"name":"SettingsScreen","decl":{"start":{"line":13,"column":7},"end":{"line":52,"column":1}},"loc":{"start":{"line":13,"column":7},"end":{"line":52,"column":1}},"line":13},"1":{"name":"handleSave","decl":{"start":{"line":22,"column":2},"end":{"line":36,"column":3}},"loc":{"start":{"line":22,"column":2},"end":{"line":36,"column":3}},"line":22},"2":{"name":"onChange","decl":{"start":{"line":41,"column":42},"end":{"line":41,"column":80}},"loc":{"start":{"line":41,"column":42},"end":{"line":41,"column":80}},"line":41},"3":{"name":"onChange","decl":{"start":{"line":42,"column":41},"end":{"line":42,"column":78}},"loc":{"start":{"line":42,"column":41},"end":{"line":42,"column":78}},"line":42},"4":{"name":"onChange","decl":{"start":{"line":43,"column":40},"end":{"line":43,"column":76}},"loc":{"start":{"line":43,"column":40},"end":{"line":43,"column":76}},"line":43},"5":{"name":"onChange","decl":{"start":{"line":44,"column":54},"end":{"line":44,"column":101}},"loc":{"start":{"line":44,"column":54},"end":{"line":44,"column":101}},"line":44},"6":{"name":"onChange","decl":{"start":{"line":45,"column":38},"end":{"line":45,"column":72}},"loc":{"start":{"line":45,"column":38},"end":{"line":45,"column":72}},"line":45},"7":{"name":"onClick","decl":{"start":{"line":47,"column":37},"end":{"line":47,"column":62}},"loc":{"start":{"line":47,"column":37},"end":{"line":47,"column":62}},"line":47}},"f":{"0":15,"1":1,"2":14,"3":0,"4":0,"5":0,"6":0,"7":1}}
,"/Users/apple/Documents/GitHub/hasegawa/chrome-extension/src/popup/screens/SetupScreen.tsx": {"path":"/Users/apple/Documents/GitHub/hasegawa/chrome-extension/src/popup/screens/SetupScreen.tsx","all":false,"statementMap":{"0":{"start":{"line":1,"column":0},"end":{"line":1,"column":40}},"1":{"start":{"line":2,"column":0},"end":{"line":2,"column":55}},"2":{"start":{"line":3,"column":0},"end":{"line":3,"column":0}},"3":{"start":{"line":4,"column":0},"end":{"line":4,"column":25}},"4":{"start":{"line":5,"column":0},"end":{"line":5,"column":12}},"5":{"start":{"line":6,"column":0},"end":{"line":6,"column":27}},"6":{"start":{"line":7,"column":0},"end":{"line":7,"column":23}},"7":{"start":{"line":8,"column":0},"end":{"line":8,"column":71}},"8":{"start":{"line":9,"column":0},"end":{"line":9,"column":4}},"9":{"start":{"line":10,"column":0},"end":{"line":10,"column":39}},"10":{"start":{"line":11,"column":0},"end":{"line":11,"column":2}},"11":{"start":{"line":12,"column":0},"end":{"line":12,"column":0}},"12":{"start":{"line":13,"column":0},"end":{"line":13,"column":72}},"13":{"start":{"line":14,"column":0},"end":{"line":14,"column":83}},"14":{"start":{"line":15,"column":0},"end":{"line":15,"column":80}},"15":{"start":{"line":16,"column":0},"end":{"line":16,"column":77}},"16":{"start":{"line":17,"column":0},"end":{"line":17,"column":101}},"17":{"start":{"line":18,"column":0},"end":{"line":18,"column":64}},"18":{"start":{"line":19,"column":0},"end":{"line":19,"column":41}},"19":{"start":{"line":20,"column":0},"end":{"line":20,"column":0}},"20":{"start":{"line":21,"column":0},"end":{"line":21,"column":31}},"21":{"start":{"line":22,"column":0},"end":{"line":22,"column":38}},"22":{"start":{"line":23,"column":0},"end":{"line":23,"column":21}},"23":{"start":{"line":24,"column":0},"end":{"line":24,"column":33}},"24":{"start":{"line":25,"column":0},"end":{"line":25,"column":23}},"25":{"start":{"line":26,"column":0},"end":{"line":26,"column":0}},"26":{"start":{"line":27,"column":0},"end":{"line":27,"column":99}},"27":{"start":{"line":28,"column":0},"end":{"line":28,"column":32}},"28":{"start":{"line":29,"column":0},"end":{"line":29,"column":13}},"29":{"start":{"line":30,"column":0},"end":{"line":30,"column":5}},"30":{"start":{"line":31,"column":0},"end":{"line":31,"column":0}},"31":{"start":{"line":32,"column":0},"end":{"line":32,"column":31}},"32":{"start":{"line":33,"column":0},"end":{"line":33,"column":7}},"33":{"start":{"line":34,"column":0},"end":{"line":34,"column":38}},"34":{"start":{"line":35,"column":0},"end":{"line":35,"column":36}},"35":{"start":{"line":36,"column":0},"end":{"line":36,"column":34}},"36":{"start":{"line":37,"column":0},"end":{"line":37,"column":24}},"37":{"start":{"line":38,"column":0},"end":{"line":38,"column":8}},"38":{"start":{"line":39,"column":0},"end":{"line":39,"column":20}},"39":{"start":{"line":40,"column":0},"end":{"line":40,"column":6}},"40":{"start":{"line":41,"column":0},"end":{"line":41,"column":0}},"41":{"start":{"line":42,"column":0},"end":{"line":42,"column":23}},"42":{"start":{"line":43,"column":0},"end":{"line":43,"column":3}},"43":{"start":{"line":44,"column":0},"end":{"line":44,"column":0}},"44":{"start":{"line":45,"column":0},"end":{"line":45,"column":10}},"45":{"start":{"line":46,"column":0},"end":{"line":46,"column":13}},"46":{"start":{"line":47,"column":0},"end":{"line":47,"column":19}},"47":{"start":{"line":48,"column":0},"end":{"line":48,"column":37}},"48":{"start":{"line":49,"column":0},"end":{"line":49,"column":106}},"49":{"start":{"line":50,"column":0},"end":{"line":50,"column":103}},"50":{"start":{"line":51,"column":0},"end":{"line":51,"column":100}},"51":{"start":{"line":52,"column":0},"end":{"line":52,"column":97}},"52":{"start":{"line":53,"column":0},"end":{"line":53,"column":114}},"53":{"start":{"line":54,"column":0},"end":{"line":54,"column":49}},"54":{"start":{"line":55,"column":0},"end":{"line":55,"column":18}},"55":{"start":{"line":56,"column":0},"end":{"line":56,"column":15}},"56":{"start":{"line":57,"column":0},"end":{"line":57,"column":14}},"57":{"start":{"line":58,"column":0},"end":{"line":58,"column":4}},"58":{"start":{"line":59,"column":0},"end":{"line":59,"column":1}}},"s":{"0":1,"1":1,"2":1,"3":1,"4":1,"5":1,"6":1,"7":1,"8":1,"9":1,"10":1,"11":1,"12":1,"13":31,"14":31,"15":31,"16":31,"17":31,"18":31,"19":31,"20":31,"21":2,"22":2,"23":2,"24":2,"25":2,"26":2,"27":1,"28":1,"29":1,"30":1,"31":1,"32":1,"33":1,"34":1,"35":1,"36":1,"37":1,"38":1,"39":1,"40":1,"41":1,"42":2,"43":31,"44":31,"45":31,"46":31,"47":31,"48":31,"49":31,"50":31,"51":31,"52":31,"53":31,"54":31,"55":31,"56":31,"57":31,"58":31},"branchMap":{"0":{"type":"branch","line":13,"loc":{"start":{"line":13,"column":7},"end":{"line":59,"column":1}},"locations":[{"start":{"line":13,"column":7},"end":{"line":59,"column":1}}]},"1":{"type":"branch","line":14,"loc":{"start":{"line":14,"column":55},"end":{"line":14,"column":79}},"locations":[{"start":{"line":14,"column":55},"end":{"line":14,"column":79}}]},"2":{"type":"branch","line":14,"loc":{"start":{"line":14,"column":65},"end":{"line":14,"column":81}},"locations":[{"start":{"line":14,"column":65},"end":{"line":14,"column":81}}]},"3":{"type":"branch","line":15,"loc":{"start":{"line":15,"column":53},"end":{"line":15,"column":76}},"locations":[{"start":{"line":15,"column":53},"end":{"line":15,"column":76}}]},"4":{"type":"branch","line":16,"loc":{"start":{"line":16,"column":51},"end":{"line":16,"column":73}},"locations":[{"start":{"line":16,"column":51},"end":{"line":16,"column":73}}]},"5":{"type":"branch","line":16,"loc":{"start":{"line":16,"column":61},"end":{"line":16,"column":75}},"locations":[{"start":{"line":16,"column":61},"end":{"line":16,"column":75}}]},"6":{"type":"branch","line":17,"loc":{"start":{"line":17,"column":56},"end":{"line":17,"column":85}},"locations":[{"start":{"line":17,"column":56},"end":{"line":17,"column":85}}]},"7":{"type":"branch","line":17,"loc":{"start":{"line":17,"column":66},"end":{"line":17,"column":89}},"locations":[{"start":{"line":17,"column":66},"end":{"line":17,"column":89}}]},"8":{"type":"branch","line":18,"loc":{"start":{"line":18,"column":47},"end":{"line":18,"column":62}},"locations":[{"start":{"line":18,"column":47},"end":{"line":18,"column":62}}]},"9":{"type":"branch","line":48,"loc":{"start":{"line":48,"column":7},"end":{"line":48,"column":32}},"locations":[{"start":{"line":48,"column":7},"end":{"line":48,"column":32}}]},"10":{"type":"branch","line":48,"loc":{"start":{"line":48,"column":25},"end":{"line":48,"column":37}},"locations":[{"start":{"line":48,"column":25},"end":{"line":48,"column":37}}]},"11":{"type":"branch","line":21,"loc":{"start":{"line":21,"column":2},"end":{"line":43,"column":3}},"locations":[{"start":{"line":21,"column":2},"end":{"line":43,"column":3}}]},"12":{"type":"branch","line":27,"loc":{"start":{"line":27,"column":25},"end":{"line":27,"column":50}},"locations":[{"start":{"line":27,"column":25},"end":{"line":27,"column":50}}]},"13":{"type":"branch","line":27,"loc":{"start":{"line":27,"column":45},"end":{"line":27,"column":68}},"locations":[{"start":{"line":27,"column":45},"end":{"line":27,"column":68}}]},"14":{"type":"branch","line":27,"loc":{"start":{"line":27,"column":63},"end":{"line":27,"column":98}},"locations":[{"start":{"line":27,"column":63},"end":{"line":27,"column":98}}]},"15":{"type":"branch","line":27,"loc":{"start":{"line":27,"column":98},"end":{"line":42,"column":23}},"locations":[{"start":{"line":27,"column":98},"end":{"line":42,"column":23}}]},"16":{"type":"branch","line":24,"loc":{"start":{"line":24,"column":11},"end":{"line":24,"column":32}},"locations":[{"start":{"line":24,"column":11},"end":{"line":24,"column":32}}]},"17":{"type":"branch","line":49,"loc":{"start":{"line":49,"column":66},"end":{"line":49,"column":104}},"locations":[{"start":{"line":49,"column":66},"end":{"line":49,"column":104}}]},"18":{"type":"branch","line":51,"loc":{"start":{"line":51,"column":62},"end":{"line":51,"column":98}},"locations":[{"start":{"line":51,"column":62},"end":{"line":51,"column":98}}]},"19":{"type":"branch","line":52,"loc":{"start":{"line":52,"column":61},"end":{"line":52,"column":95}},"locations":[{"start":{"line":52,"column":61},"end":{"line":52,"column":95}}]},"20":{"type":"branch","line":53,"loc":{"start":{"line":53,"column":74},"end":{"line":53,"column":112}},"locations":[{"start":{"line":53,"column":74},"end":{"line":53,"column":112}}]}},"b":{"0":[31],"1":[3],"2":[30],"3":[3],"4":[3],"5":[30],"6":[3],"7":[28],"8":[30],"9":[1],"10":[30],"11":[2],"12":[1],"13":[1],"14":[1],"15":[1],"16":[2],"17":[12],"18":[5],"19":[6],"20":[2]},"fnMap":{"0":{"name":"SetupScreen","decl":{"start":{"line":13,"column":7},"end":{"line":59,"column":1}},"loc":{"start":{"line":13,"column":7},"end":{"line":59,"column":1}},"line":13},"1":{"name":"handleSave","decl":{"start":{"line":21,"column":2},"end":{"line":43,"column":3}},"loc":{"start":{"line":21,"column":2},"end":{"line":43,"column":3}},"line":21},"2":{"name":"onChange","decl":{"start":{"line":49,"column":66},"end":{"line":49,"column":104}},"loc":{"start":{"line":49,"column":66},"end":{"line":49,"column":104}},"line":49},"3":{"name":"onChange","decl":{"start":{"line":50,"column":64},"end":{"line":50,"column":101}},"loc":{"start":{"line":50,"column":64},"end":{"line":50,"column":101}},"line":50},"4":{"name":"onChange","decl":{"start":{"line":51,"column":62},"end":{"line":51,"column":98}},"loc":{"start":{"line":51,"column":62},"end":{"line":51,"column":98}},"line":51},"5":{"name":"onChange","decl":{"start":{"line":52,"column":61},"end":{"line":52,"column":95}},"loc":{"start":{"line":52,"column":61},"end":{"line":52,"column":95}},"line":52},"6":{"name":"onChange","decl":{"start":{"line":53,"column":74},"end":{"line":53,"column":112}},"loc":{"start":{"line":53,"column":74},"end":{"line":53,"column":112}},"line":53}},"f":{"0":31,"1":2,"2":12,"3":0,"4":5,"5":6,"6":2}}
}
